<?xml version="1.0" encoding="UTF-8"?>
<robot generator="Robot 7.0 (Python 3.10.10 on win32)" generated="2024-02-13T11:15:53.827786" rpa="false" schemaversion="5">
<suite id="s1" name="Suites">
<suite id="s1-s1" name="NewOpportunityCreation" source="C:\Users\senthilkumar.k\PycharmProjects\URW_RobotFramework\Test\NewOpportunityCreation.robot">
<test id="s1-s1-t1" name="Create_a_New_Agreement_type" line="9">
<kw name="Log into the Salesforce Application" owner="LoginKeywords">
<kw name="Open Browser" owner="Selenium2Library">
<msg time="2024-02-13T11:15:54.199481" level="INFO">Opening browser 'Chrome' to base url 'https://westfield--sit.sandbox.my.salesforce.com/?login'.</msg>
<arg>${SiteURL}</arg>
<arg>${Browser}</arg>
<doc>Opens a new browser instance to the optional ``url``.</doc>
<status status="PASS" start="2024-02-13T11:15:54.199481" elapsed="5.793283"/>
</kw>
<kw name="Maximize Browser Window" owner="Selenium2Library">
<doc>Maximizes current browser window.</doc>
<status status="PASS" start="2024-02-13T11:15:59.992764" elapsed="0.124193"/>
</kw>
<kw name="Sleep" owner="BuiltIn">
<msg time="2024-02-13T11:16:02.119352" level="INFO">Slept 2 seconds.</msg>
<arg>2s</arg>
<doc>Pauses the test executed for the given time.</doc>
<status status="PASS" start="2024-02-13T11:16:00.117958" elapsed="2.001394"/>
</kw>
<kw name="Input Text" owner="Selenium2Library">
<msg time="2024-02-13T11:16:02.120323" level="INFO">Typing text 'senthilkumar.k@tavant.com.sitdm' into text field 'id:username'.</msg>
<arg>${txt_loginUserName}</arg>
<arg>${username}</arg>
<doc>Types the given ``text`` into the text field identified by ``locator``.</doc>
<status status="PASS" start="2024-02-13T11:16:02.119352" elapsed="0.121796"/>
</kw>
<kw name="Input Text" owner="Selenium2Library">
<msg time="2024-02-13T11:16:02.242239" level="INFO">Typing text 'welcomewelcomewelcomewelcome2024' into text field 'id:password'.</msg>
<arg>${txt_loginPassword}</arg>
<arg>${password}</arg>
<doc>Types the given ``text`` into the text field identified by ``locator``.</doc>
<status status="PASS" start="2024-02-13T11:16:02.241148" elapsed="0.103633"/>
</kw>
<kw name="Click Button" owner="Selenium2Library">
<msg time="2024-02-13T11:16:02.345828" level="INFO">Clicking button 'id:Login'.</msg>
<arg>${btn_Login}</arg>
<doc>Clicks the button identified by ``locator``.</doc>
<status status="PASS" start="2024-02-13T11:16:02.345828" elapsed="18.096576"/>
</kw>
<arg>${SiteURL}</arg>
<arg>${Browser}</arg>
<arg>${username}</arg>
<arg>${password}</arg>
<status status="PASS" start="2024-02-13T11:15:54.197494" elapsed="26.244910"/>
</kw>
<kw name="Set Browser Implicit Wait" owner="Selenium2Library">
<arg>5s</arg>
<doc>Sets the implicit wait value used by Selenium.</doc>
<status status="PASS" start="2024-02-13T11:16:20.443410" elapsed="0.002994"/>
</kw>
<kw name="Sleep" owner="BuiltIn">
<msg time="2024-02-13T11:16:25.448377" level="INFO">Slept 5 seconds.</msg>
<arg>5s</arg>
<doc>Pauses the test executed for the given time.</doc>
<status status="PASS" start="2024-02-13T11:16:20.446832" elapsed="5.001545"/>
</kw>
<kw name="Click on the Account Navigation Link" owner="NewOpportunityCreationKeywords">
<kw name="Get WebElement" owner="Selenium2Library">
<msg time="2024-02-13T11:16:25.468661" level="INFO">${AccountLink} = &lt;selenium.webdriver.remote.webelement.WebElement (session="242c3f2c78e4843ee315782c44c8256a", element="9A01C73ECB653B4276502512D416A884_element_154")&gt;</msg>
<var>${AccountLink}</var>
<arg>xpath=//span[contains(text(),'Accounts')]/self::span[@class='slds-truncate']</arg>
<doc>Returns the first WebElement matching the given ``locator``.</doc>
<status status="PASS" start="2024-02-13T11:16:25.448377" elapsed="0.020284"/>
</kw>
<kw name="Execute Javascript" owner="Selenium2Library">
<msg time="2024-02-13T11:16:25.469184" level="INFO">Executing JavaScript:
arguments[0].click();
By using argument:
'&lt;selenium.webdriver.remote.webelement.WebElement (session="242c3f2c78e4843ee315782c44c8256a", element="9A01C73ECB653B4276502512D416A884_element_154")&gt;'</msg>
<arg>arguments[0].click();</arg>
<arg>ARGUMENTS</arg>
<arg>${AccountLink}</arg>
<doc>Executes the given JavaScript code with possible arguments.</doc>
<status status="PASS" start="2024-02-13T11:16:25.469184" elapsed="0.047880"/>
</kw>
<status status="PASS" start="2024-02-13T11:16:25.448377" elapsed="0.068687"/>
</kw>
<kw name="Click on the Drop down Icon" owner="NewOpportunityCreationKeywords">
<kw name="Wait Until Element Is Visible" owner="Selenium2Library">
<arg>${accountListViewDropDownIcon}</arg>
<arg>20s</arg>
<doc>Waits until the element ``locator`` is visible.</doc>
<status status="PASS" start="2024-02-13T11:16:25.517064" elapsed="0.838673"/>
</kw>
<kw name="Click Element" owner="Selenium2Library">
<msg time="2024-02-13T11:16:26.356737" level="INFO">Clicking element 'xpath://span[@part='boundary']/ancestor::button[@title='Select a List View: Accounts']'.</msg>
<arg>${accountListViewDropDownIcon}</arg>
<doc>Click the element identified by ``locator``.</doc>
<status status="PASS" start="2024-02-13T11:16:26.355737" elapsed="0.156263"/>
</kw>
<status status="PASS" start="2024-02-13T11:16:25.517064" elapsed="0.994936"/>
</kw>
<kw name="Click on the All Account drop down option" owner="NewOpportunityCreationKeywords">
<kw name="Wait Until Element Is Visible" owner="Selenium2Library">
<arg>${allAccountListOption}</arg>
<arg>20s</arg>
<doc>Waits until the element ``locator`` is visible.</doc>
<status status="PASS" start="2024-02-13T11:16:26.513428" elapsed="0.457570"/>
</kw>
<kw name="Click Element" owner="Selenium2Library">
<msg time="2024-02-13T11:16:26.970998" level="INFO">Clicking element 'xpath://span[contains(text(),'All Accounts')]/self::span[@class=' virtualAutocompleteOptionText']'.</msg>
<arg>${allAccountListOption}</arg>
<doc>Click the element identified by ``locator``.</doc>
<status status="PASS" start="2024-02-13T11:16:26.970998" elapsed="0.118734"/>
</kw>
<status status="PASS" start="2024-02-13T11:16:26.512000" elapsed="0.577732"/>
</kw>
<kw name="Select the account to create a new agreement deal" owner="NewOpportunityCreationKeywords">
<kw name="Sleep" owner="BuiltIn">
<msg time="2024-02-13T11:16:30.096697" level="INFO">Slept 3 seconds.</msg>
<arg>3s</arg>
<doc>Pauses the test executed for the given time.</doc>
<status status="PASS" start="2024-02-13T11:16:27.091272" elapsed="3.005425"/>
</kw>
<kw name="Click Link" owner="Selenium2Library">
<msg time="2024-02-13T11:16:30.097561" level="INFO">Clicking link 'xpath://a[@title='#kimchi cosplay']'.</msg>
<arg>${accountName}</arg>
<doc>Clicks a link identified by ``locator``.</doc>
<status status="PASS" start="2024-02-13T11:16:30.097561" elapsed="0.171245"/>
</kw>
<status status="PASS" start="2024-02-13T11:16:27.089732" elapsed="3.179074"/>
</kw>
<kw name="Click on the Related Tab" owner="NewOpportunityCreationKeywords">
<kw name="Sleep" owner="BuiltIn">
<msg time="2024-02-13T11:16:35.277899" level="INFO">Slept 5 seconds.</msg>
<arg>5s</arg>
<doc>Pauses the test executed for the given time.</doc>
<status status="PASS" start="2024-02-13T11:16:30.269624" elapsed="5.008275"/>
</kw>
<kw name="Wait Until Element Is Visible" owner="Selenium2Library">
<arg>${relatedTab}</arg>
<arg>20s</arg>
<doc>Waits until the element ``locator`` is visible.</doc>
<status status="PASS" start="2024-02-13T11:16:35.277899" elapsed="0.110075"/>
</kw>
<kw name="Click Element" owner="Selenium2Library">
<msg time="2024-02-13T11:16:35.387974" level="INFO">Clicking element 'xpath://li[@title='Related']/self::li[@class='slds-tabs_default__item']'.</msg>
<arg>${relatedTab}</arg>
<doc>Click the element identified by ``locator``.</doc>
<status status="PASS" start="2024-02-13T11:16:35.387974" elapsed="0.141485"/>
</kw>
<status status="PASS" start="2024-02-13T11:16:30.269624" elapsed="5.259835"/>
</kw>
<kw name="Click on the New Opportunity type button" owner="NewOpportunityCreationKeywords">
<kw name="Sleep" owner="BuiltIn">
<msg time="2024-02-13T11:16:38.533928" level="INFO">Slept 3 seconds.</msg>
<arg>3s</arg>
<doc>Pauses the test executed for the given time.</doc>
<status status="PASS" start="2024-02-13T11:16:35.529459" elapsed="3.004469"/>
</kw>
<kw name="Click Element" owner="Selenium2Library">
<msg time="2024-02-13T11:16:38.535120" level="INFO">Clicking element 'xpath://*[contains(text(),'New')]/ancestor::li[@data-target-selection-name='sfdc:CustomButton.Opportunity.New_WF']'.</msg>
<arg>${newOpportunityButton}</arg>
<doc>Click the element identified by ``locator``.</doc>
<status status="PASS" start="2024-02-13T11:16:38.535120" elapsed="0.164397"/>
</kw>
<status status="PASS" start="2024-02-13T11:16:35.529459" elapsed="3.170058"/>
</kw>
<kw name="Click on the Next button" owner="NewOpportunityCreationKeywords">
<kw name="Sleep" owner="BuiltIn">
<msg time="2024-02-13T11:16:43.702850" level="INFO">Slept 5 seconds.</msg>
<arg>5s</arg>
<doc>Pauses the test executed for the given time.</doc>
<status status="PASS" start="2024-02-13T11:16:38.701559" elapsed="5.001291"/>
</kw>
<kw name="Select Frame" owner="Selenium2Library">
<msg time="2024-02-13T11:16:43.702850" level="INFO">Selecting frame 'xpath://iframe[@title='accessibility title']'.</msg>
<arg>${iframeXpath}</arg>
<doc>Sets frame identified by ``locator`` as the current frame.</doc>
<status status="PASS" start="2024-02-13T11:16:43.702850" elapsed="0.485016"/>
</kw>
<kw name="Wait Until Element Is Visible" owner="Selenium2Library">
<arg>${nextButton}</arg>
<arg>20s</arg>
<doc>Waits until the element ``locator`` is visible.</doc>
<status status="PASS" start="2024-02-13T11:16:44.188955" elapsed="8.066566"/>
</kw>
<kw name="Click Button" owner="Selenium2Library">
<msg time="2024-02-13T11:16:52.255521" level="INFO">Clicking button 'xpath://button[@class='slds-button slds-button--neutral slds-button slds-button_neutral next-button uiButton--default uiButton']'.</msg>
<arg>${nextButton}</arg>
<doc>Clicks the button identified by ``locator``.</doc>
<status status="PASS" start="2024-02-13T11:16:52.255521" elapsed="0.336490"/>
</kw>
<status status="PASS" start="2024-02-13T11:16:38.699517" elapsed="13.892494"/>
</kw>
<kw name="Fill the New deal fields at the offer stage" owner="NewOpportunityCreationKeywords">
<kw name="Sleep" owner="BuiltIn">
<msg time="2024-02-13T11:16:55.596479" level="INFO">Slept 3 seconds.</msg>
<arg>3s</arg>
<doc>Pauses the test executed for the given time.</doc>
<status status="PASS" start="2024-02-13T11:16:52.593021" elapsed="3.003458"/>
</kw>
<kw name="Input Text" owner="Selenium2Library">
<msg time="2024-02-13T11:16:55.597986" level="INFO">Typing text 'Century City' into text field 'xpath://input[@class='slds-lookup__search-input slds-input input uiInput uiInputText uiInput--default uiInput--input']/self::input[@id='831:0']'.</msg>
<arg>${centerNameInput}</arg>
<arg>${centerName}</arg>
<doc>Types the given ``text`` into the text field identified by ``locator``.</doc>
<status status="PASS" start="2024-02-13T11:16:55.597253" elapsed="0.163947"/>
</kw>
<kw name="Sleep" owner="BuiltIn">
<msg time="2024-02-13T11:16:58.763873" level="INFO">Slept 3 seconds.</msg>
<arg>3s</arg>
<doc>Pauses the test executed for the given time.</doc>
<status status="PASS" start="2024-02-13T11:16:55.762810" elapsed="3.001063"/>
</kw>
<kw name="Click Element" owner="Selenium2Library">
<msg time="2024-02-13T11:16:58.763873" level="INFO">Clicking element 'xpath://a[contains(text(),'Century City')]'.</msg>
<arg>${centerNameOption}</arg>
<doc>Click the element identified by ``locator``.</doc>
<status status="PASS" start="2024-02-13T11:16:58.763873" elapsed="0.110865"/>
</kw>
<kw name="Click Button" owner="Selenium2Library">
<msg time="2024-02-13T11:16:58.875746" level="INFO">Clicking button 'xpath://button[@class='slds-button slds-button_neutral slds-picklist__label updateJustifyContent']'.</msg>
<arg>${useType}</arg>
<doc>Clicks the button identified by ``locator``.</doc>
<status status="PASS" start="2024-02-13T11:16:58.874738" elapsed="0.142597"/>
</kw>
<kw name="Click Element" owner="Selenium2Library">
<msg time="2024-02-13T11:16:59.017335" level="INFO">Clicking element 'xpath://span[@class='slds-truncate']/self::span[contains(text(),'Food Court')]'.</msg>
<arg>${useTypeListOption}</arg>
<doc>Click the element identified by ``locator``.</doc>
<status status="PASS" start="2024-02-13T11:16:59.017335" elapsed="0.109565"/>
</kw>
<kw name="Click Element" owner="Selenium2Library">
<msg time="2024-02-13T11:16:59.126900" level="INFO">Clicking element 'xpath://input[@class='slds-input input uiInput uiInputText uiInput--default uiInput--input']/self::input[@id='1015:0']'.</msg>
<arg>${unitOrNewUnit}</arg>
<doc>Click the element identified by ``locator``.</doc>
<status status="PASS" start="2024-02-13T11:16:59.126900" elapsed="0.132133"/>
</kw>
<kw name="Sleep" owner="BuiltIn">
<msg time="2024-02-13T11:17:02.262832" level="INFO">Slept 3 seconds.</msg>
<arg>3s</arg>
<doc>Pauses the test executed for the given time.</doc>
<status status="PASS" start="2024-02-13T11:16:59.259033" elapsed="3.003799"/>
</kw>
<kw name="Select Radio Button" owner="Selenium2Library">
<msg time="2024-02-13T11:17:02.264095" level="INFO">Selecting '01t1L00000J3CWUQA3' from radio button 'others'.</msg>
<arg>others</arg>
<arg>01t1L00000J3CWUQA3</arg>
<doc>Sets the radio button group ``group_name`` to ``value``.</doc>
<status status="PASS" start="2024-02-13T11:17:02.263662" elapsed="0.164063"/>
</kw>
<kw name="Wait Until Element Is Visible" owner="Selenium2Library">
<arg>${saveAndExitButton}</arg>
<arg>5s</arg>
<doc>Waits until the element ``locator`` is visible.</doc>
<status status="PASS" start="2024-02-13T11:17:02.427725" elapsed="0.037378"/>
</kw>
<kw name="Click Button" owner="Selenium2Library">
<msg time="2024-02-13T11:17:02.465103" level="INFO">Clicking button 'xpath://button[contains(text(),'Save and Exit')]'.</msg>
<arg>${saveAndExitButton}</arg>
<doc>Clicks the button identified by ``locator``.</doc>
<status status="PASS" start="2024-02-13T11:17:02.465103" elapsed="0.196719"/>
</kw>
<arg>${centerName}</arg>
<status status="PASS" start="2024-02-13T11:16:52.592011" elapsed="10.069811"/>
</kw>
<kw name="Edit the Opportunity at the Proposal stage" owner="NewOpportunityCreationKeywords">
<kw name="Enter the space delivery date" owner="NewOpportunityCreationKeywords">
<kw name="Sleep" owner="BuiltIn">
<msg time="2024-02-13T11:17:05.672212" level="INFO">Slept 3 seconds.</msg>
<arg>3s</arg>
<doc>Pauses the test executed for the given time.</doc>
<status status="PASS" start="2024-02-13T11:17:02.663781" elapsed="3.008431"/>
</kw>
<kw name="Input Text" owner="Selenium2Library">
<msg time="2024-02-13T11:17:05.672212" level="INFO">Typing text '12/1/2023' into text field 'xpath://input[@id='input-15']'.</msg>
<arg>${spaceDelieveryInput}</arg>
<arg>${SpaceDelivery}</arg>
<doc>Types the given ``text`` into the text field identified by ``locator``.</doc>
<status status="PASS" start="2024-02-13T11:17:05.672212" elapsed="0.076863"/>
</kw>
<arg>${SpaceDelivery}</arg>
<status status="PASS" start="2024-02-13T11:17:02.663781" elapsed="3.085294"/>
</kw>
<kw name="Enter the RCD date" owner="NewOpportunityCreationKeywords">
<kw name="Set Browser Implicit Wait" owner="Selenium2Library">
<arg>3s</arg>
<doc>Sets the implicit wait value used by Selenium.</doc>
<status status="PASS" start="2024-02-13T11:17:05.749075" elapsed="0.000000"/>
</kw>
<kw name="Input Text" owner="Selenium2Library">
<msg time="2024-02-13T11:17:05.749075" level="INFO">Typing text '12/3/2023' into text field 'xpath://input[@id='input-18']'.</msg>
<arg>${newRCDdate}</arg>
<arg>${newRCD}</arg>
<doc>Types the given ``text`` into the text field identified by ``locator``.</doc>
<status status="PASS" start="2024-02-13T11:17:05.749075" elapsed="0.170423"/>
</kw>
<arg>${newRCD}</arg>
<status status="PASS" start="2024-02-13T11:17:05.749075" elapsed="0.170423"/>
</kw>
<kw name="Set Browser Implicit Wait" owner="Selenium2Library">
<arg>5s</arg>
<doc>Sets the implicit wait value used by Selenium.</doc>
<status status="PASS" start="2024-02-13T11:17:05.919498" elapsed="0.000000"/>
</kw>
<kw name="Enter the expiration date" owner="NewOpportunityCreationKeywords">
<kw name="Set Browser Implicit Wait" owner="Selenium2Library">
<arg>3s</arg>
<doc>Sets the implicit wait value used by Selenium.</doc>
<status status="PASS" start="2024-02-13T11:17:05.919498" elapsed="0.000000"/>
</kw>
<kw name="Input Text" owner="Selenium2Library">
<msg time="2024-02-13T11:17:05.919498" level="INFO">Typing text '12/2/2028' into text field 'xpath://input[@id='input-21']'.</msg>
<arg>${expirationDate}</arg>
<arg>${expiration}</arg>
<doc>Types the given ``text`` into the text field identified by ``locator``.</doc>
<status status="PASS" start="2024-02-13T11:17:05.919498" elapsed="0.086985"/>
</kw>
<arg>${expiration}</arg>
<status status="PASS" start="2024-02-13T11:17:05.919498" elapsed="0.086985"/>
</kw>
<kw name="Click Button" owner="Selenium2Library">
<msg time="2024-02-13T11:17:06.006483" level="INFO">Clicking button 'xpath://button[@class='slds-button slds-button_brand save-btn btn primary-btn']'.</msg>
<arg>${saveButton}</arg>
<doc>Clicks the button identified by ``locator``.</doc>
<status status="PASS" start="2024-02-13T11:17:06.006483" elapsed="0.101951"/>
</kw>
<kw name="Sleep" owner="BuiltIn">
<msg time="2024-02-13T11:17:16.111199" level="INFO">Slept 10 seconds.</msg>
<arg>10s</arg>
<doc>Pauses the test executed for the given time.</doc>
<status status="PASS" start="2024-02-13T11:17:06.108434" elapsed="10.002765"/>
</kw>
<kw name="Wait Until Element Is Visible" owner="Selenium2Library">
<arg>${markStageAsCompleteButton}</arg>
<arg>20s</arg>
<doc>Waits until the element ``locator`` is visible.</doc>
<status status="PASS" start="2024-02-13T11:17:16.111199" elapsed="7.519098"/>
</kw>
<kw name="Get WebElement" owner="Selenium2Library">
<msg time="2024-02-13T11:17:23.655070" level="INFO">${MarkStageAsComplete} = &lt;selenium.webdriver.remote.webelement.WebElement (session="242c3f2c78e4843ee315782c44c8256a", element="9A01C73ECB653B4276502512D416A884_element_755")&gt;</msg>
<var>${MarkStageAsComplete}</var>
<arg>xpath=//span[text()='Mark Stage as Complete']</arg>
<doc>Returns the first WebElement matching the given ``locator``.</doc>
<status status="PASS" start="2024-02-13T11:17:23.630297" elapsed="0.024773"/>
</kw>
<kw name="Execute Javascript" owner="Selenium2Library">
<msg time="2024-02-13T11:17:23.655070" level="INFO">Executing JavaScript:
arguments[0].click();
By using argument:
'&lt;selenium.webdriver.remote.webelement.WebElement (session="242c3f2c78e4843ee315782c44c8256a", element="9A01C73ECB653B4276502512D416A884_element_755")&gt;'</msg>
<arg>arguments[0].click();</arg>
<arg>ARGUMENTS</arg>
<arg>${MarkStageAsComplete}</arg>
<doc>Executes the given JavaScript code with possible arguments.</doc>
<status status="PASS" start="2024-02-13T11:17:23.655070" elapsed="0.031219"/>
</kw>
<kw name="Sleep" owner="BuiltIn">
<msg time="2024-02-13T11:17:33.698834" level="INFO">Slept 10 seconds.</msg>
<arg>10s</arg>
<doc>Pauses the test executed for the given time.</doc>
<status status="PASS" start="2024-02-13T11:17:23.686289" elapsed="10.012545"/>
</kw>
<kw name="Wait Until Element Is Visible" owner="Selenium2Library">
<arg>${editOpportunityButton}</arg>
<arg>20s</arg>
<doc>Waits until the element ``locator`` is visible.</doc>
<status status="PASS" start="2024-02-13T11:17:33.698834" elapsed="0.015625"/>
</kw>
<kw name="Get WebElement" owner="Selenium2Library">
<msg time="2024-02-13T11:17:33.730085" level="INFO">${EditOpportunity} = &lt;selenium.webdriver.remote.webelement.WebElement (session="242c3f2c78e4843ee315782c44c8256a", element="9A01C73ECB653B4276502512D416A884_element_757")&gt;</msg>
<var>${EditOpportunity}</var>
<arg>xpath=//button[text()='Edit Opportunity']</arg>
<doc>Returns the first WebElement matching the given ``locator``.</doc>
<status status="PASS" start="2024-02-13T11:17:33.714459" elapsed="0.015626"/>
</kw>
<kw name="Execute Javascript" owner="Selenium2Library">
<msg time="2024-02-13T11:17:33.730085" level="INFO">Executing JavaScript:
arguments[0].click();
By using argument:
'&lt;selenium.webdriver.remote.webelement.WebElement (session="242c3f2c78e4843ee315782c44c8256a", element="9A01C73ECB653B4276502512D416A884_element_757")&gt;'</msg>
<arg>arguments[0].click();</arg>
<arg>ARGUMENTS</arg>
<arg>${EditOpportunity}</arg>
<doc>Executes the given JavaScript code with possible arguments.</doc>
<status status="PASS" start="2024-02-13T11:17:33.730085" elapsed="0.024045"/>
</kw>
<kw name="Enter the Projected Sales field on the deal sheet" owner="NewOpportunityCreationKeywords">
<kw name="Sleep" owner="BuiltIn">
<msg time="2024-02-13T11:17:38.762426" level="INFO">Slept 5 seconds.</msg>
<arg>5s</arg>
<doc>Pauses the test executed for the given time.</doc>
<status status="PASS" start="2024-02-13T11:17:33.756368" elapsed="5.006058"/>
</kw>
<kw name="Select Frame" owner="Selenium2Library">
<msg time="2024-02-13T11:17:38.764490" level="INFO">Selecting frame 'xpath://iframe[@title='accessibility title']'.</msg>
<arg>${iframeXpath}</arg>
<doc>Sets frame identified by ``locator`` as the current frame.</doc>
<status status="PASS" start="2024-02-13T11:17:38.762958" elapsed="0.051560"/>
</kw>
<kw name="Sleep" owner="BuiltIn">
<msg time="2024-02-13T11:17:43.818398" level="INFO">Slept 5 seconds.</msg>
<arg>5s</arg>
<doc>Pauses the test executed for the given time.</doc>
<status status="PASS" start="2024-02-13T11:17:38.814518" elapsed="5.003880"/>
</kw>
<kw name="Scroll Element Into View" owner="Selenium2Library">
<arg>${inputProjectedSales}</arg>
<doc>Scrolls the element identified by ``locator`` into view.</doc>
<status status="PASS" start="2024-02-13T11:17:43.818398" elapsed="0.344962"/>
</kw>
<kw name="Input Text" owner="Selenium2Library">
<msg time="2024-02-13T11:17:44.163360" level="INFO">Typing text '20000' into text field 'xpath://section[@id='GI_whoSection']/descendant::input[@name='projectedSales']'.</msg>
<arg>${inputProjectedSales}</arg>
<arg>${projectedSales}</arg>
<doc>Types the given ``text`` into the text field identified by ``locator``.</doc>
<status status="PASS" start="2024-02-13T11:17:44.163360" elapsed="0.151553"/>
</kw>
<arg>${projectedSales}</arg>
<status status="PASS" start="2024-02-13T11:17:33.754130" elapsed="10.561423"/>
</kw>
<kw name="Wait Until Element Is Visible" owner="Selenium2Library">
<arg>${saveAsDraftButton}</arg>
<arg>20s</arg>
<doc>Waits until the element ``locator`` is visible.</doc>
<status status="PASS" start="2024-02-13T11:17:44.315553" elapsed="0.015921"/>
</kw>
<kw name="Click Button" owner="Selenium2Library">
<msg time="2024-02-13T11:17:44.331474" level="INFO">Clicking button 'xpath://button[text()='Save As Draft']'.</msg>
<arg>${saveAsDraftButton}</arg>
<doc>Clicks the button identified by ``locator``.</doc>
<status status="PASS" start="2024-02-13T11:17:44.331474" elapsed="0.086355"/>
</kw>
<status status="PASS" start="2024-02-13T11:17:02.661822" elapsed="41.756007"/>
</kw>
<status status="PASS" start="2024-02-13T11:15:54.197494" elapsed="110.220335"/>
</test>
<status status="PASS" start="2024-02-13T11:15:53.861816" elapsed="110.556013"/>
</suite>
<status status="PASS" start="2024-02-13T11:15:53.839826" elapsed="110.578003"/>
</suite>
<statistics>
<total>
<stat pass="1" fail="0" skip="0">All Tests</stat>
</total>
<tag>
</tag>
<suite>
<stat pass="1" fail="0" skip="0" id="s1" name="Suites">Suites</stat>
<stat pass="1" fail="0" skip="0" id="s1-s1" name="NewOpportunityCreation">Suites.NewOpportunityCreation</stat>
</suite>
</statistics>
<errors>
</errors>
</robot>
