<?xml version="1.0" encoding="UTF-8"?>
<robot generator="Rebot 6.1 (Python 3.10.10 on win32)" generated="20240110 13:57:35.687" rpa="false" schemaversion="4">
<suite id="s1" name="Test" source="C:\Users\senthilkumar.k\PycharmProjects\URW_RobotFramework\Test">
<suite id="s1-s1" name="CreateAccountandContact" source="C:\Users\senthilkumar.k\PycharmProjects\URW_RobotFramework\Test\CreateAccountandContact.robot">
<test id="s1-s1-t1" name="Create_New_Account_and_Contact_from_Lead" line="8">
<kw name="Log into the Salesforce Application" library="LoginKeywords">
<arg>${SiteURL}</arg>
<arg>${Browser}</arg>
<arg>${username}</arg>
<arg>${password}</arg>
<kw name="Open Browser" library="Selenium2Library">
<arg>${SiteURL}</arg>
<arg>${Browser}</arg>
<doc>Opens a new browser instance to the optional ``url``.</doc>
<msg timestamp="20240110 13:56:14.997" level="INFO">Opening browser 'Chrome' to base url 'https://westfield--sit.sandbox.my.salesforce.com/?login'.</msg>
<status status="PASS" starttime="20240110 13:56:14.997" endtime="20240110 13:56:17.675"/>
</kw>
<kw name="Maximize Browser Window" library="Selenium2Library">
<doc>Maximizes current browser window.</doc>
<status status="PASS" starttime="20240110 13:56:17.675" endtime="20240110 13:56:19.387"/>
</kw>
<kw name="Sleep" library="BuiltIn">
<arg>2s</arg>
<doc>Pauses the test executed for the given time.</doc>
<msg timestamp="20240110 13:56:21.389" level="INFO">Slept 2 seconds</msg>
<status status="PASS" starttime="20240110 13:56:19.387" endtime="20240110 13:56:21.389"/>
</kw>
<kw name="Input Text" library="Selenium2Library">
<arg>${txt_loginUserName}</arg>
<arg>${username}</arg>
<doc>Types the given ``text`` into the text field identified by ``locator``.</doc>
<msg timestamp="20240110 13:56:21.389" level="INFO">Typing text 'senthilkumar.k@tavant.com.wfprod.sit' into text field 'id:username'.</msg>
<status status="PASS" starttime="20240110 13:56:21.389" endtime="20240110 13:56:21.514"/>
</kw>
<kw name="Input Text" library="Selenium2Library">
<arg>${txt_loginPassword}</arg>
<arg>${password}</arg>
<doc>Types the given ``text`` into the text field identified by ``locator``.</doc>
<msg timestamp="20240110 13:56:21.514" level="INFO">Typing text 'welcomewelcomewelcomewelcome2024' into text field 'id:password'.</msg>
<status status="PASS" starttime="20240110 13:56:21.514" endtime="20240110 13:56:21.600"/>
</kw>
<kw name="Click Button" library="Selenium2Library">
<arg>${btn_Login}</arg>
<doc>Clicks the button identified by ``locator``.</doc>
<msg timestamp="20240110 13:56:21.600" level="INFO">Clicking button 'id:Login'.</msg>
<status status="PASS" starttime="20240110 13:56:21.600" endtime="20240110 13:56:36.868"/>
</kw>
<status status="PASS" starttime="20240110 13:56:14.997" endtime="20240110 13:56:36.868"/>
</kw>
<kw name="Set Browser Implicit Wait" library="Selenium2Library">
<arg>4s</arg>
<doc>Sets the implicit wait value used by Selenium.</doc>
<status status="PASS" starttime="20240110 13:56:36.868" endtime="20240110 13:56:36.869"/>
</kw>
<kw name="Get WebElement" library="Selenium2Library">
<var>${ele}</var>
<arg>xpath=//*[contains(text(),'Leads')]/self::span[@class='slds-truncate']</arg>
<doc>Returns the first WebElement matching the given ``locator``.</doc>
<msg timestamp="20240110 13:56:36.887" level="INFO">${ele} = &lt;selenium.webdriver.remote.webelement.WebElement (session="24784eb92c8bd6527eab67fd2fd7ec10", element="2E07C5D804D0D6B53FE7B5EA87EA780F_element_1")&gt;</msg>
<status status="PASS" starttime="20240110 13:56:36.869" endtime="20240110 13:56:36.887"/>
</kw>
<kw name="Execute Javascript" library="Selenium2Library">
<arg>arguments[0].click();</arg>
<arg>ARGUMENTS</arg>
<arg>${ele}</arg>
<doc>Executes the given JavaScript code with possible arguments.</doc>
<msg timestamp="20240110 13:56:36.887" level="INFO">Executing JavaScript:
arguments[0].click();
By using argument:
'&lt;selenium.webdriver.remote.webelement.WebElement (session="24784eb92c8bd6527eab67fd2fd7ec10", element="2E07C5D804D0D6B53FE7B5EA87EA780F_element_1")&gt;'</msg>
<status status="PASS" starttime="20240110 13:56:36.887" endtime="20240110 13:56:36.933"/>
</kw>
<kw name="Set Browser Implicit Wait" library="Selenium2Library">
<arg>4s</arg>
<doc>Sets the implicit wait value used by Selenium.</doc>
<status status="PASS" starttime="20240110 13:56:36.933" endtime="20240110 13:56:36.935"/>
</kw>
<kw name="Wait Until Element Is Visible" library="Selenium2Library">
<arg>xpath=//a[@title='New']/self::a[@class='forceActionLink']</arg>
<doc>Waits until the element ``locator`` is visible.</doc>
<status status="PASS" starttime="20240110 13:56:36.935" endtime="20240110 13:56:39.907"/>
</kw>
<kw name="Get WebElement" library="Selenium2Library">
<var>${elem}</var>
<arg>xpath=//a[@title='New']/self::a[@class='forceActionLink']</arg>
<doc>Returns the first WebElement matching the given ``locator``.</doc>
<msg timestamp="20240110 13:56:39.940" level="INFO">${elem} = &lt;selenium.webdriver.remote.webelement.WebElement (session="24784eb92c8bd6527eab67fd2fd7ec10", element="2E07C5D804D0D6B53FE7B5EA87EA780F_element_2")&gt;</msg>
<status status="PASS" starttime="20240110 13:56:39.907" endtime="20240110 13:56:39.940"/>
</kw>
<kw name="Execute Javascript" library="Selenium2Library">
<arg>arguments[0].click();</arg>
<arg>ARGUMENTS</arg>
<arg>${elem}</arg>
<doc>Executes the given JavaScript code with possible arguments.</doc>
<msg timestamp="20240110 13:56:39.940" level="INFO">Executing JavaScript:
arguments[0].click();
By using argument:
'&lt;selenium.webdriver.remote.webelement.WebElement (session="24784eb92c8bd6527eab67fd2fd7ec10", element="2E07C5D804D0D6B53FE7B5EA87EA780F_element_2")&gt;'</msg>
<status status="PASS" starttime="20240110 13:56:39.940" endtime="20240110 13:56:39.968"/>
</kw>
<kw name="Set Selenium Implicit Wait" library="Selenium2Library">
<arg>6s</arg>
<doc>Sets the implicit wait value used by Selenium.</doc>
<status status="PASS" starttime="20240110 13:56:39.968" endtime="20240110 13:56:39.968"/>
</kw>
<kw name="Sleep" library="BuiltIn">
<arg>5s</arg>
<doc>Pauses the test executed for the given time.</doc>
<msg timestamp="20240110 13:56:44.981" level="INFO">Slept 5 seconds</msg>
<status status="PASS" starttime="20240110 13:56:39.968" endtime="20240110 13:56:44.981"/>
</kw>
<kw name="Switch Window" library="Selenium2Library">
<arg>title=New Lead | Salesforce</arg>
<doc>Switches to browser window matching ``locator``.</doc>
<status status="PASS" starttime="20240110 13:56:44.982" endtime="20240110 13:56:45.081"/>
</kw>
<kw name="Wait Until Element Is Visible" library="Selenium2Library">
<arg>xpath=//input[@name='lastName']</arg>
<doc>Waits until the element ``locator`` is visible.</doc>
<status status="PASS" starttime="20240110 13:56:45.081" endtime="20240110 13:56:46.019"/>
</kw>
<kw name="Initialize Random Data Last Name" library="LeadCreationKeywords">
<kw name="Generate Random String" library="String">
<var>${lastName}</var>
<arg>12</arg>
<arg>[LETTERS]</arg>
<doc>Generates a string with a desired ``length`` from the given ``chars``.</doc>
<msg timestamp="20240110 13:56:46.019" level="INFO">${lastName} = fCjhnZWlKnRI</msg>
<status status="PASS" starttime="20240110 13:56:46.019" endtime="20240110 13:56:46.019"/>
</kw>
<kw name="Set Global Variable" library="BuiltIn">
<arg>${lastName}</arg>
<doc>Makes a variable available globally in all tests and suites.</doc>
<msg timestamp="20240110 13:56:46.019" level="INFO">${lastName} = fCjhnZWlKnRI</msg>
<status status="PASS" starttime="20240110 13:56:46.019" endtime="20240110 13:56:46.019"/>
</kw>
<status status="PASS" starttime="20240110 13:56:46.019" endtime="20240110 13:56:46.019"/>
</kw>
<kw name="Enter the Last name" library="LeadCreationKeywords">
<arg>${lastName}</arg>
<kw name="Input Text" library="Selenium2Library">
<arg>${lastNameInput}</arg>
<arg>${lastName}</arg>
<doc>Types the given ``text`` into the text field identified by ``locator``.</doc>
<msg timestamp="20240110 13:56:46.019" level="INFO">Typing text 'fCjhnZWlKnRI' into text field 'xpath://input[@name='lastName']'.</msg>
<status status="PASS" starttime="20240110 13:56:46.019" endtime="20240110 13:56:46.259"/>
</kw>
<status status="PASS" starttime="20240110 13:56:46.019" endtime="20240110 13:56:46.261"/>
</kw>
<kw name="Initialize Random Data DBA Name" library="LeadCreationKeywords">
<kw name="Generate Random String" library="String">
<var>${dbaName}</var>
<arg>12</arg>
<arg>[LETTERS]</arg>
<doc>Generates a string with a desired ``length`` from the given ``chars``.</doc>
<msg timestamp="20240110 13:56:46.261" level="INFO">${dbaName} = iewbduJJRCtu</msg>
<status status="PASS" starttime="20240110 13:56:46.261" endtime="20240110 13:56:46.261"/>
</kw>
<kw name="Set Global Variable" library="BuiltIn">
<arg>${dbaName}</arg>
<doc>Makes a variable available globally in all tests and suites.</doc>
<msg timestamp="20240110 13:56:46.261" level="INFO">${dbaName} = iewbduJJRCtu</msg>
<status status="PASS" starttime="20240110 13:56:46.261" endtime="20240110 13:56:46.261"/>
</kw>
<status status="PASS" starttime="20240110 13:56:46.261" endtime="20240110 13:56:46.261"/>
</kw>
<kw name="Enter the DBA Name" library="LeadCreationKeywords">
<arg>${dbaName}</arg>
<kw name="Input Text" library="Selenium2Library">
<arg>${dbaNameInput}</arg>
<arg>${dbaName}</arg>
<doc>Types the given ``text`` into the text field identified by ``locator``.</doc>
<msg timestamp="20240110 13:56:46.261" level="INFO">Typing text 'iewbduJJRCtu' into text field 'xpath://input[@name='Company']'.</msg>
<status status="PASS" starttime="20240110 13:56:46.261" endtime="20240110 13:56:46.480"/>
</kw>
<status status="PASS" starttime="20240110 13:56:46.261" endtime="20240110 13:56:46.480"/>
</kw>
<kw name="Enter the phone number" library="LeadCreationKeywords">
<arg>${phone}</arg>
<kw name="Input Text" library="Selenium2Library">
<arg>${phoneInput}</arg>
<arg>${phone}</arg>
<doc>Types the given ``text`` into the text field identified by ``locator``.</doc>
<msg timestamp="20240110 13:56:46.480" level="INFO">Typing text '3485734577' into text field 'xpath://input[@name='Phone']'.</msg>
<status status="PASS" starttime="20240110 13:56:46.480" endtime="20240110 13:56:46.726"/>
</kw>
<status status="PASS" starttime="20240110 13:56:46.480" endtime="20240110 13:56:46.728"/>
</kw>
<kw name="Enter the mobile number" library="LeadCreationKeywords">
<arg>${mobile}</arg>
<kw name="Input Text" library="Selenium2Library">
<arg>${mobileInput}</arg>
<arg>${mobile}</arg>
<doc>Types the given ``text`` into the text field identified by ``locator``.</doc>
<msg timestamp="20240110 13:56:46.729" level="INFO">Typing text '439753754' into text field 'xpath://input[@name='MobilePhone']'.</msg>
<status status="PASS" starttime="20240110 13:56:46.729" endtime="20240110 13:56:46.966"/>
</kw>
<status status="PASS" starttime="20240110 13:56:46.728" endtime="20240110 13:56:46.967"/>
</kw>
<kw name="Enter the email" library="LeadCreationKeywords">
<arg>${email}</arg>
<kw name="Input Text" library="Selenium2Library">
<arg>${emailInput}</arg>
<arg>${email}</arg>
<doc>Types the given ``text`` into the text field identified by ``locator``.</doc>
<msg timestamp="20240110 13:56:46.969" level="INFO">Typing text 'testemail34@gmail.com' into text field 'xpath://input[@name='Email']'.</msg>
<status status="PASS" starttime="20240110 13:56:46.967" endtime="20240110 13:56:47.331"/>
</kw>
<status status="PASS" starttime="20240110 13:56:46.967" endtime="20240110 13:56:47.333"/>
</kw>
<kw name="Scroll Element Into View" library="Selenium2Library">
<arg>xpath=//button[@name='Sales_Branch_Level_1_WF__c']</arg>
<doc>Scrolls the element identified by ``locator`` into view.</doc>
<status status="PASS" starttime="20240110 13:56:47.333" endtime="20240110 13:56:47.625"/>
</kw>
<kw name="Wait Until Element Is Visible" library="Selenium2Library">
<arg>xpath=//button[@name='Sales_Branch_Level_1_WF__c']</arg>
<doc>Waits until the element ``locator`` is visible.</doc>
<status status="PASS" starttime="20240110 13:56:47.625" endtime="20240110 13:56:47.666"/>
</kw>
<kw name="Click the Sales Branch Level1" library="LeadCreationKeywords">
<kw name="Click Button" library="Selenium2Library">
<arg>${salesBranchLevel1}</arg>
<doc>Clicks the button identified by ``locator``.</doc>
<msg timestamp="20240110 13:56:47.666" level="INFO">Clicking button 'xpath://button[@name='Sales_Branch_Level_1_WF__c']'.</msg>
<status status="PASS" starttime="20240110 13:56:47.666" endtime="20240110 13:56:47.770"/>
</kw>
<kw name="Click Element" library="Selenium2Library">
<arg>${sbL1PicklistValue}</arg>
<doc>Click the element identified by ``locator``.</doc>
<msg timestamp="20240110 13:56:47.770" level="INFO">Clicking element 'xpath://span[@class='slds-truncate']/self::span[contains(text(),'Bags &amp; Footwear &amp; Accessories')]'.</msg>
<status status="PASS" starttime="20240110 13:56:47.770" endtime="20240110 13:56:48.020"/>
</kw>
<status status="PASS" starttime="20240110 13:56:47.666" endtime="20240110 13:56:48.020"/>
</kw>
<kw name="Scroll Element Into View" library="Selenium2Library">
<arg>xpath=//button[@name='Sales_Branch_Level_3_WF__c']</arg>
<doc>Scrolls the element identified by ``locator`` into view.</doc>
<status status="PASS" starttime="20240110 13:56:48.021" endtime="20240110 13:56:48.335"/>
</kw>
<kw name="Wait Until Element Is Visible" library="Selenium2Library">
<arg>xpath=//button[@name='Sales_Branch_Level_3_WF__c']</arg>
<doc>Waits until the element ``locator`` is visible.</doc>
<status status="PASS" starttime="20240110 13:56:48.339" endtime="20240110 13:56:48.395"/>
</kw>
<kw name="Click the Sales Branch Level3" library="LeadCreationKeywords">
<kw name="Click Button" library="Selenium2Library">
<arg>${salesBranchLevel3}</arg>
<doc>Clicks the button identified by ``locator``.</doc>
<msg timestamp="20240110 13:56:48.395" level="INFO">Clicking button 'xpath://button[@name='Sales_Branch_Level_3_WF__c']'.</msg>
<status status="PASS" starttime="20240110 13:56:48.395" endtime="20240110 13:56:48.517"/>
</kw>
<kw name="Click Element" library="Selenium2Library">
<arg>${sbL3PicklistValue}</arg>
<doc>Click the element identified by ``locator``.</doc>
<msg timestamp="20240110 13:56:48.517" level="INFO">Clicking element 'xpath://span[@class='slds-truncate']/self::span[contains(text(),'Children footwear')]'.</msg>
<status status="PASS" starttime="20240110 13:56:48.517" endtime="20240110 13:56:48.617"/>
</kw>
<status status="PASS" starttime="20240110 13:56:48.395" endtime="20240110 13:56:48.617"/>
</kw>
<kw name="Scroll Element Into View" library="Selenium2Library">
<arg>xpath=//input[@name='country']</arg>
<doc>Scrolls the element identified by ``locator`` into view.</doc>
<status status="PASS" starttime="20240110 13:56:48.617" endtime="20240110 13:56:48.901"/>
</kw>
<kw name="Sleep" library="BuiltIn">
<arg>5s</arg>
<doc>Pauses the test executed for the given time.</doc>
<msg timestamp="20240110 13:56:53.912" level="INFO">Slept 5 seconds</msg>
<status status="PASS" starttime="20240110 13:56:48.901" endtime="20240110 13:56:53.912"/>
</kw>
<kw name="Wait Until Element Is Visible" library="Selenium2Library">
<arg>xpath=//input[@name='country']</arg>
<doc>Waits until the element ``locator`` is visible.</doc>
<status status="PASS" starttime="20240110 13:56:53.912" endtime="20240110 13:56:53.928"/>
</kw>
<kw name="Click on the Country Code" library="LeadCreationKeywords">
<kw name="Click Element" library="Selenium2Library">
<arg>${countryCode}</arg>
<doc>Click the element identified by ``locator``.</doc>
<msg timestamp="20240110 13:56:53.928" level="INFO">Clicking element 'xpath://input[@name='country']'.</msg>
<status status="PASS" starttime="20240110 13:56:53.928" endtime="20240110 13:56:54.083"/>
</kw>
<kw name="Sleep" library="BuiltIn">
<arg>5s</arg>
<doc>Pauses the test executed for the given time.</doc>
<msg timestamp="20240110 13:56:59.099" level="INFO">Slept 5 seconds</msg>
<status status="PASS" starttime="20240110 13:56:54.083" endtime="20240110 13:56:59.099"/>
</kw>
<kw name="Click Element" library="Selenium2Library">
<arg>${countryCodePicklist}</arg>
<doc>Click the element identified by ``locator``.</doc>
<msg timestamp="20240110 13:56:59.099" level="INFO">Clicking element 'xpath://span[@class='slds-truncate']/self::span[contains(text(),'Afghanistan')]'.</msg>
<status status="PASS" starttime="20240110 13:56:59.099" endtime="20240110 13:56:59.220"/>
</kw>
<status status="PASS" starttime="20240110 13:56:53.928" endtime="20240110 13:56:59.220"/>
</kw>
<kw name="Enter the City" library="LeadCreationKeywords">
<arg>${city}</arg>
<kw name="Input Text" library="Selenium2Library">
<arg>${cityInput}</arg>
<arg>${city}</arg>
<doc>Types the given ``text`` into the text field identified by ``locator``.</doc>
<msg timestamp="20240110 13:56:59.220" level="INFO">Typing text 'Hosur' into text field 'xpath://input[@name='city']'.</msg>
<status status="PASS" starttime="20240110 13:56:59.220" endtime="20240110 13:56:59.372"/>
</kw>
<status status="PASS" starttime="20240110 13:56:59.220" endtime="20240110 13:56:59.372"/>
</kw>
<kw name="Enter the PostalCode" library="LeadCreationKeywords">
<arg>${postal}</arg>
<kw name="Input Text" library="Selenium2Library">
<arg>${postalCodeInput}</arg>
<arg>${postal}</arg>
<doc>Types the given ``text`` into the text field identified by ``locator``.</doc>
<msg timestamp="20240110 13:56:59.378" level="INFO">Typing text '634332' into text field 'xpath://input[@name='postalCode']'.</msg>
<status status="PASS" starttime="20240110 13:56:59.372" endtime="20240110 13:56:59.528"/>
</kw>
<status status="PASS" starttime="20240110 13:56:59.372" endtime="20240110 13:56:59.528"/>
</kw>
<kw name="Sleep" library="BuiltIn">
<arg>5s</arg>
<doc>Pauses the test executed for the given time.</doc>
<msg timestamp="20240110 13:57:04.539" level="INFO">Slept 5 seconds</msg>
<status status="PASS" starttime="20240110 13:56:59.528" endtime="20240110 13:57:04.539"/>
</kw>
<kw name="Get WebElement" library="Selenium2Library">
<var>${element}</var>
<arg>xpath=//button[contains(text(),'Save')]/self::button[@class='slds-button slds-button_brand']</arg>
<doc>Returns the first WebElement matching the given ``locator``.</doc>
<msg timestamp="20240110 13:57:04.539" level="INFO">${element} = &lt;selenium.webdriver.remote.webelement.WebElement (session="24784eb92c8bd6527eab67fd2fd7ec10", element="2E07C5D804D0D6B53FE7B5EA87EA780F_element_181")&gt;</msg>
<status status="PASS" starttime="20240110 13:57:04.539" endtime="20240110 13:57:04.539"/>
</kw>
<kw name="Execute Javascript" library="Selenium2Library">
<arg>arguments[0].click();</arg>
<arg>ARGUMENTS</arg>
<arg>${element}</arg>
<doc>Executes the given JavaScript code with possible arguments.</doc>
<msg timestamp="20240110 13:57:04.539" level="INFO">Executing JavaScript:
arguments[0].click();
By using argument:
'&lt;selenium.webdriver.remote.webelement.WebElement (session="24784eb92c8bd6527eab67fd2fd7ec10", element="2E07C5D804D0D6B53FE7B5EA87EA780F_element_181")&gt;'</msg>
<status status="PASS" starttime="20240110 13:57:04.539" endtime="20240110 13:57:04.580"/>
</kw>
<kw name="Click on the DC Convert button" library="LeadCreationKeywords">
<kw name="Sleep" library="BuiltIn">
<arg>5s</arg>
<doc>Pauses the test executed for the given time.</doc>
<msg timestamp="20240110 13:57:09.589" level="INFO">Slept 5 seconds</msg>
<status status="PASS" starttime="20240110 13:57:04.581" endtime="20240110 13:57:09.589"/>
</kw>
<kw name="Wait Until Element Is Visible" library="Selenium2Library">
<arg>${dcConvertButton}</arg>
<arg>20s</arg>
<doc>Waits until the element ``locator`` is visible.</doc>
<status status="PASS" starttime="20240110 13:57:09.589" endtime="20240110 13:57:16.744"/>
</kw>
<kw name="Click Button" library="Selenium2Library">
<arg>${dcConvertButton}</arg>
<doc>Clicks the button identified by ``locator``.</doc>
<msg timestamp="20240110 13:57:16.744" level="INFO">Clicking button 'xpath://button[@class='slds-button slds-button_neutral']/self::button[contains(text(),'DC Convert')]'.</msg>
<status status="PASS" starttime="20240110 13:57:16.744" endtime="20240110 13:57:16.852"/>
</kw>
<kw name="Sleep" library="BuiltIn">
<arg>10s</arg>
<doc>Pauses the test executed for the given time.</doc>
<msg timestamp="20240110 13:57:26.859" level="INFO">Slept 10 seconds</msg>
<status status="PASS" starttime="20240110 13:57:16.852" endtime="20240110 13:57:26.859"/>
</kw>
<status status="PASS" starttime="20240110 13:57:04.580" endtime="20240110 13:57:26.859"/>
</kw>
<kw name="Switch Window" library="Selenium2Library">
<arg>title=Convert - Duplicate Check for Salesforce | Salesforce</arg>
<doc>Switches to browser window matching ``locator``.</doc>
<status status="PASS" starttime="20240110 13:57:26.860" endtime="20240110 13:57:26.929"/>
</kw>
<kw name="Select Frame" library="Selenium2Library">
<arg>xpath=//iframe[@title='accessibility title']</arg>
<doc>Sets frame identified by ``locator`` as the current frame.</doc>
<msg timestamp="20240110 13:57:26.929" level="INFO">Selecting frame 'xpath=//iframe[@title='accessibility title']'.</msg>
<msg timestamp="20240110 13:57:33.245" level="INFO" html="true">&lt;/td&gt;&lt;/tr&gt;&lt;tr&gt;&lt;td colspan="3"&gt;&lt;a href="0-selenium-screenshot-1.png"&gt;&lt;img src="0-selenium-screenshot-1.png" width="800px"&gt;&lt;/a&gt;</msg>
<msg timestamp="20240110 13:57:33.245" level="FAIL">Element with locator 'xpath=//iframe[@title='accessibility title']' not found.</msg>
<status status="FAIL" starttime="20240110 13:57:26.929" endtime="20240110 13:57:33.245"/>
</kw>
<kw name="Click on the Convert button" library="LeadCreationKeywords">
<status status="NOT RUN" starttime="20240110 13:57:33.245" endtime="20240110 13:57:33.245"/>
</kw>
<status status="FAIL" starttime="20240110 13:56:14.997" endtime="20240110 13:57:33.245">Element with locator 'xpath=//iframe[@title='accessibility title']' not found.</status>
</test>
<status status="FAIL" starttime="20240110 13:56:14.792" endtime="20240110 13:57:33.245"/>
</suite>
<suite id="s1-s2" name="NewOpportunityCreation" source="C:\Users\senthilkumar.k\PycharmProjects\URW_RobotFramework\Test\NewOpportunityCreation.robot">
<test id="s1-s2-t1" name="Create_a_New_Agreement_type" line="9">
<kw name="Log into the Salesforce Application" library="LoginKeywords">
<arg>${SiteURL}</arg>
<arg>${Browser}</arg>
<arg>${username}</arg>
<arg>${password}</arg>
<kw name="Open Browser" library="Selenium2Library">
<arg>${SiteURL}</arg>
<arg>${Browser}</arg>
<doc>Opens a new browser instance to the optional ``url``.</doc>
<msg timestamp="20240110 13:56:14.997" level="INFO">Opening browser 'Chrome' to base url 'https://westfield--sit.sandbox.my.salesforce.com/?login'.</msg>
<status status="PASS" starttime="20240110 13:56:14.997" endtime="20240110 13:56:19.732"/>
</kw>
<kw name="Maximize Browser Window" library="Selenium2Library">
<doc>Maximizes current browser window.</doc>
<status status="PASS" starttime="20240110 13:56:19.732" endtime="20240110 13:56:19.858"/>
</kw>
<kw name="Sleep" library="BuiltIn">
<arg>2s</arg>
<doc>Pauses the test executed for the given time.</doc>
<msg timestamp="20240110 13:56:21.861" level="INFO">Slept 2 seconds</msg>
<status status="PASS" starttime="20240110 13:56:19.858" endtime="20240110 13:56:21.863"/>
</kw>
<kw name="Input Text" library="Selenium2Library">
<arg>${txt_loginUserName}</arg>
<arg>${username}</arg>
<doc>Types the given ``text`` into the text field identified by ``locator``.</doc>
<msg timestamp="20240110 13:56:21.865" level="INFO">Typing text 'senthilkumar.k@tavant.com.wfprod.sit' into text field 'id:username'.</msg>
<status status="PASS" starttime="20240110 13:56:21.864" endtime="20240110 13:56:22.100"/>
</kw>
<kw name="Input Text" library="Selenium2Library">
<arg>${txt_loginPassword}</arg>
<arg>${password}</arg>
<doc>Types the given ``text`` into the text field identified by ``locator``.</doc>
<msg timestamp="20240110 13:56:22.100" level="INFO">Typing text 'welcomewelcomewelcomewelcome2024' into text field 'id:password'.</msg>
<status status="PASS" starttime="20240110 13:56:22.100" endtime="20240110 13:56:22.253"/>
</kw>
<kw name="Click Button" library="Selenium2Library">
<arg>${btn_Login}</arg>
<doc>Clicks the button identified by ``locator``.</doc>
<msg timestamp="20240110 13:56:22.256" level="INFO">Clicking button 'id:Login'.</msg>
<status status="PASS" starttime="20240110 13:56:22.253" endtime="20240110 13:56:37.202"/>
</kw>
<status status="PASS" starttime="20240110 13:56:14.997" endtime="20240110 13:56:37.202"/>
</kw>
<kw name="Set Browser Implicit Wait" library="Selenium2Library">
<arg>5s</arg>
<doc>Sets the implicit wait value used by Selenium.</doc>
<status status="PASS" starttime="20240110 13:56:37.202" endtime="20240110 13:56:37.202"/>
</kw>
<kw name="Sleep" library="BuiltIn">
<arg>5s</arg>
<doc>Pauses the test executed for the given time.</doc>
<msg timestamp="20240110 13:56:42.232" level="INFO">Slept 5 seconds</msg>
<status status="PASS" starttime="20240110 13:56:37.202" endtime="20240110 13:56:42.232"/>
</kw>
<kw name="Click on the Account Navigation Link" library="NewOpportunityCreationKeywords">
<kw name="Get WebElement" library="Selenium2Library">
<var>${AccountLink}</var>
<arg>xpath=//span[contains(text(),'Accounts')]/self::span[@class='slds-truncate']</arg>
<doc>Returns the first WebElement matching the given ``locator``.</doc>
<msg timestamp="20240110 13:56:42.632" level="INFO">${AccountLink} = &lt;selenium.webdriver.remote.webelement.WebElement (session="e044327defe837cf7423278f3f5a74e8", element="F2DD36637F84B43DBB2DDA3D03372106_element_1")&gt;</msg>
<status status="PASS" starttime="20240110 13:56:42.232" endtime="20240110 13:56:42.632"/>
</kw>
<kw name="Execute Javascript" library="Selenium2Library">
<arg>arguments[0].click();</arg>
<arg>ARGUMENTS</arg>
<arg>${AccountLink}</arg>
<doc>Executes the given JavaScript code with possible arguments.</doc>
<msg timestamp="20240110 13:56:42.642" level="INFO">Executing JavaScript:
arguments[0].click();
By using argument:
'&lt;selenium.webdriver.remote.webelement.WebElement (session="e044327defe837cf7423278f3f5a74e8", element="F2DD36637F84B43DBB2DDA3D03372106_element_1")&gt;'</msg>
<status status="PASS" starttime="20240110 13:56:42.632" endtime="20240110 13:56:42.695"/>
</kw>
<status status="PASS" starttime="20240110 13:56:42.232" endtime="20240110 13:56:42.695"/>
</kw>
<kw name="Click on the Drop down Icon" library="NewOpportunityCreationKeywords">
<kw name="Wait Until Element Is Visible" library="Selenium2Library">
<arg>${accountListViewDropDownIcon}</arg>
<arg>20s</arg>
<doc>Waits until the element ``locator`` is visible.</doc>
<status status="PASS" starttime="20240110 13:56:42.695" endtime="20240110 13:56:44.345"/>
</kw>
<kw name="Click Element" library="Selenium2Library">
<arg>${accountListViewDropDownIcon}</arg>
<doc>Click the element identified by ``locator``.</doc>
<msg timestamp="20240110 13:56:44.345" level="INFO">Clicking element 'xpath://span[@part='boundary']/ancestor::button[@title='Select a List View: Accounts']'.</msg>
<status status="PASS" starttime="20240110 13:56:44.345" endtime="20240110 13:56:44.609"/>
</kw>
<status status="PASS" starttime="20240110 13:56:42.695" endtime="20240110 13:56:44.609"/>
</kw>
<kw name="Click on the All Account drop down option" library="NewOpportunityCreationKeywords">
<kw name="Wait Until Element Is Visible" library="Selenium2Library">
<arg>${allAccountListOption}</arg>
<arg>20s</arg>
<doc>Waits until the element ``locator`` is visible.</doc>
<msg timestamp="20240110 13:57:05.554" level="INFO" html="true">&lt;/td&gt;&lt;/tr&gt;&lt;tr&gt;&lt;td colspan="3"&gt;&lt;a href="1-selenium-screenshot-1.png"&gt;&lt;img src="1-selenium-screenshot-1.png" width="800px"&gt;&lt;/a&gt;</msg>
<msg timestamp="20240110 13:57:05.554" level="FAIL">Element 'xpath://span[contains(text(),'All Accounts')]/self::span[@class=' virtualAutocompleteOptionText']' not visible after 20 seconds.</msg>
<status status="FAIL" starttime="20240110 13:56:44.609" endtime="20240110 13:57:05.554"/>
</kw>
<kw name="Click Element" library="Selenium2Library">
<arg>${allAccountListOption}</arg>
<doc>Click the element identified by ``locator``.</doc>
<status status="NOT RUN" starttime="20240110 13:57:05.554" endtime="20240110 13:57:05.554"/>
</kw>
<status status="FAIL" starttime="20240110 13:56:44.609" endtime="20240110 13:57:05.554"/>
</kw>
<kw name="Select the account to create a new agreement deal" library="NewOpportunityCreationKeywords">
<status status="NOT RUN" starttime="20240110 13:57:05.554" endtime="20240110 13:57:05.554"/>
</kw>
<kw name="Click on the Related Tab" library="NewOpportunityCreationKeywords">
<status status="NOT RUN" starttime="20240110 13:57:05.554" endtime="20240110 13:57:05.554"/>
</kw>
<kw name="Click on the New Opportunity type button" library="NewOpportunityCreationKeywords">
<status status="NOT RUN" starttime="20240110 13:57:05.554" endtime="20240110 13:57:05.554"/>
</kw>
<kw name="Click on the Next button" library="NewOpportunityCreationKeywords">
<status status="NOT RUN" starttime="20240110 13:57:05.554" endtime="20240110 13:57:05.554"/>
</kw>
<kw name="Fill the New deal fields at the offer stage" library="NewOpportunityCreationKeywords">
<arg>${centerName}</arg>
<status status="NOT RUN" starttime="20240110 13:57:05.560" endtime="20240110 13:57:05.560"/>
</kw>
<kw name="Edit the Opportunity at the Proposal stage" library="NewOpportunityCreationKeywords">
<status status="NOT RUN" starttime="20240110 13:57:05.560" endtime="20240110 13:57:05.560"/>
</kw>
<status status="FAIL" starttime="20240110 13:56:14.997" endtime="20240110 13:57:05.560">Element 'xpath://span[contains(text(),'All Accounts')]/self::span[@class=' virtualAutocompleteOptionText']' not visible after 20 seconds.</status>
</test>
<status status="FAIL" starttime="20240110 13:56:14.792" endtime="20240110 13:57:05.561"/>
</suite>
<doc>[https://pabot.org/?ref=log|Pabot] result from 2 executions.</doc>
<status status="FAIL" starttime="20240110 13:56:14.783" endtime="20240110 13:57:33.245"/>
</suite>
<statistics>
<total>
<stat pass="0" fail="2" skip="0">All Tests</stat>
</total>
<tag>
</tag>
<suite>
<stat pass="0" fail="2" skip="0" id="s1" name="Test">Test</stat>
<stat pass="0" fail="1" skip="0" id="s1-s1" name="CreateAccountandContact">Test.CreateAccountandContact</stat>
<stat pass="0" fail="1" skip="0" id="s1-s2" name="NewOpportunityCreation">Test.NewOpportunityCreation</stat>
</suite>
</statistics>
<errors>
</errors>
</robot>
