<?xml version="1.0" encoding="UTF-8"?>
<robot generator="Robot 6.1 (Python 3.10.10 on win32)" generated="20240110 21:10:22.699" rpa="false" schemaversion="4">
<suite id="s1" name="CreateAccountandContact" source="C:\Users\senthilkumar.k\PycharmProjects\URW_RobotFramework\Test\CreateAccountandContact.robot">
<test id="s1-t1" name="Create_New_Account_and_Contact_from_Lead" line="8">
<kw name="Log into the Salesforce Application" library="LoginKeywords">
<arg>${SiteURL}</arg>
<arg>${Browser}</arg>
<arg>${username}</arg>
<arg>${password}</arg>
<kw name="Open Browser" library="Selenium2Library">
<arg>${SiteURL}</arg>
<arg>${Browser}</arg>
<doc>Opens a new browser instance to the optional ``url``.</doc>
<msg timestamp="20240110 21:10:22.933" level="INFO">Opening browser 'Chrome' to base url 'https://westfield--sit.sandbox.my.salesforce.com/?login'.</msg>
<status status="PASS" starttime="20240110 21:10:22.933" endtime="20240110 21:10:28.068"/>
</kw>
<kw name="Maximize Browser Window" library="Selenium2Library">
<doc>Maximizes current browser window.</doc>
<status status="PASS" starttime="20240110 21:10:28.068" endtime="20240110 21:10:28.196"/>
</kw>
<kw name="Sleep" library="BuiltIn">
<arg>2s</arg>
<doc>Pauses the test executed for the given time.</doc>
<msg timestamp="20240110 21:10:30.205" level="INFO">Slept 2 seconds</msg>
<status status="PASS" starttime="20240110 21:10:28.196" endtime="20240110 21:10:30.206"/>
</kw>
<kw name="Input Text" library="Selenium2Library">
<arg>${txt_loginUserName}</arg>
<arg>${username}</arg>
<doc>Types the given ``text`` into the text field identified by ``locator``.</doc>
<msg timestamp="20240110 21:10:30.207" level="INFO">Typing text 'senthilkumar.k@tavant.com.wfprod.sit' into text field 'id:username'.</msg>
<status status="PASS" starttime="20240110 21:10:30.206" endtime="20240110 21:10:30.362"/>
</kw>
<kw name="Input Text" library="Selenium2Library">
<arg>${txt_loginPassword}</arg>
<arg>${password}</arg>
<doc>Types the given ``text`` into the text field identified by ``locator``.</doc>
<msg timestamp="20240110 21:10:30.362" level="INFO">Typing text 'welcomewelcomewelcomewelcome2024' into text field 'id:password'.</msg>
<status status="PASS" starttime="20240110 21:10:30.362" endtime="20240110 21:10:30.462"/>
</kw>
<kw name="Click Button" library="Selenium2Library">
<arg>${btn_Login}</arg>
<doc>Clicks the button identified by ``locator``.</doc>
<msg timestamp="20240110 21:10:30.462" level="INFO">Clicking button 'id:Login'.</msg>
<status status="PASS" starttime="20240110 21:10:30.462" endtime="20240110 21:10:41.199"/>
</kw>
<status status="PASS" starttime="20240110 21:10:22.933" endtime="20240110 21:10:41.202"/>
</kw>
<kw name="Set Browser Implicit Wait" library="Selenium2Library">
<arg>4s</arg>
<doc>Sets the implicit wait value used by Selenium.</doc>
<status status="PASS" starttime="20240110 21:10:41.202" endtime="20240110 21:10:41.206"/>
</kw>
<kw name="Get WebElement" library="Selenium2Library">
<var>${ele}</var>
<arg>xpath=//*[contains(text(),'Leads')]/self::span[@class='slds-truncate']</arg>
<doc>Returns the first WebElement matching the given ``locator``.</doc>
<msg timestamp="20240110 21:10:41.356" level="INFO">${ele} = &lt;selenium.webdriver.remote.webelement.WebElement (session="78bcc760d402541cd323da17e1ffd99b", element="E74644D0BFD00810E6CF80D678F8A293_element_29")&gt;</msg>
<status status="PASS" starttime="20240110 21:10:41.206" endtime="20240110 21:10:41.356"/>
</kw>
<kw name="Execute Javascript" library="Selenium2Library">
<arg>arguments[0].click();</arg>
<arg>ARGUMENTS</arg>
<arg>${ele}</arg>
<doc>Executes the given JavaScript code with possible arguments.</doc>
<msg timestamp="20240110 21:10:41.362" level="INFO">Executing JavaScript:
arguments[0].click();
By using argument:
'&lt;selenium.webdriver.remote.webelement.WebElement (session="78bcc760d402541cd323da17e1ffd99b", element="E74644D0BFD00810E6CF80D678F8A293_element_29")&gt;'</msg>
<status status="PASS" starttime="20240110 21:10:41.359" endtime="20240110 21:10:41.517"/>
</kw>
<kw name="Set Browser Implicit Wait" library="Selenium2Library">
<arg>4s</arg>
<doc>Sets the implicit wait value used by Selenium.</doc>
<status status="PASS" starttime="20240110 21:10:41.517" endtime="20240110 21:10:41.527"/>
</kw>
<kw name="Wait Until Element Is Visible" library="Selenium2Library">
<arg>xpath=//a[@title='New']/self::a[@class='forceActionLink']</arg>
<doc>Waits until the element ``locator`` is visible.</doc>
<status status="PASS" starttime="20240110 21:10:41.527" endtime="20240110 21:10:46.554"/>
</kw>
<kw name="Get WebElement" library="Selenium2Library">
<var>${elem}</var>
<arg>xpath=//a[@title='New']/self::a[@class='forceActionLink']</arg>
<doc>Returns the first WebElement matching the given ``locator``.</doc>
<msg timestamp="20240110 21:10:46.577" level="INFO">${elem} = &lt;selenium.webdriver.remote.webelement.WebElement (session="78bcc760d402541cd323da17e1ffd99b", element="E74644D0BFD00810E6CF80D678F8A293_element_372")&gt;</msg>
<status status="PASS" starttime="20240110 21:10:46.559" endtime="20240110 21:10:46.577"/>
</kw>
<kw name="Execute Javascript" library="Selenium2Library">
<arg>arguments[0].click();</arg>
<arg>ARGUMENTS</arg>
<arg>${elem}</arg>
<doc>Executes the given JavaScript code with possible arguments.</doc>
<msg timestamp="20240110 21:10:46.577" level="INFO">Executing JavaScript:
arguments[0].click();
By using argument:
'&lt;selenium.webdriver.remote.webelement.WebElement (session="78bcc760d402541cd323da17e1ffd99b", element="E74644D0BFD00810E6CF80D678F8A293_element_372")&gt;'</msg>
<status status="PASS" starttime="20240110 21:10:46.577" endtime="20240110 21:10:46.594"/>
</kw>
<kw name="Set Selenium Implicit Wait" library="Selenium2Library">
<arg>6s</arg>
<doc>Sets the implicit wait value used by Selenium.</doc>
<status status="PASS" starttime="20240110 21:10:46.595" endtime="20240110 21:10:46.595"/>
</kw>
<kw name="Sleep" library="BuiltIn">
<arg>5s</arg>
<doc>Pauses the test executed for the given time.</doc>
<msg timestamp="20240110 21:10:51.603" level="INFO">Slept 5 seconds</msg>
<status status="PASS" starttime="20240110 21:10:46.595" endtime="20240110 21:10:51.603"/>
</kw>
<kw name="Switch Window" library="Selenium2Library">
<arg>title=New Lead | Salesforce</arg>
<doc>Switches to browser window matching ``locator``.</doc>
<status status="PASS" starttime="20240110 21:10:51.603" endtime="20240110 21:10:51.643"/>
</kw>
<kw name="Wait Until Element Is Visible" library="Selenium2Library">
<arg>xpath=//input[@name='lastName']</arg>
<doc>Waits until the element ``locator`` is visible.</doc>
<status status="PASS" starttime="20240110 21:10:51.643" endtime="20240110 21:10:51.690"/>
</kw>
<kw name="Initialize Random Data Last Name" library="LeadCreationKeywords">
<kw name="Generate Random String" library="String">
<var>${lastName}</var>
<arg>12</arg>
<arg>[LETTERS]</arg>
<doc>Generates a string with a desired ``length`` from the given ``chars``.</doc>
<msg timestamp="20240110 21:10:51.692" level="INFO">${lastName} = IvADLbTMMAeK</msg>
<status status="PASS" starttime="20240110 21:10:51.692" endtime="20240110 21:10:51.692"/>
</kw>
<kw name="Set Global Variable" library="BuiltIn">
<arg>${lastName}</arg>
<doc>Makes a variable available globally in all tests and suites.</doc>
<msg timestamp="20240110 21:10:51.692" level="INFO">${lastName} = IvADLbTMMAeK</msg>
<status status="PASS" starttime="20240110 21:10:51.692" endtime="20240110 21:10:51.692"/>
</kw>
<status status="PASS" starttime="20240110 21:10:51.692" endtime="20240110 21:10:51.692"/>
</kw>
<kw name="Enter the Last name" library="LeadCreationKeywords">
<arg>${lastName}</arg>
<kw name="Input Text" library="Selenium2Library">
<arg>${lastNameInput}</arg>
<arg>${lastName}</arg>
<doc>Types the given ``text`` into the text field identified by ``locator``.</doc>
<msg timestamp="20240110 21:10:51.698" level="INFO">Typing text 'IvADLbTMMAeK' into text field 'xpath://input[@name='lastName']'.</msg>
<status status="PASS" starttime="20240110 21:10:51.692" endtime="20240110 21:10:52.030"/>
</kw>
<status status="PASS" starttime="20240110 21:10:51.692" endtime="20240110 21:10:52.030"/>
</kw>
<kw name="Initialize Random Data DBA Name" library="LeadCreationKeywords">
<kw name="Generate Random String" library="String">
<var>${dbaName}</var>
<arg>12</arg>
<arg>[LETTERS]</arg>
<doc>Generates a string with a desired ``length`` from the given ``chars``.</doc>
<msg timestamp="20240110 21:10:52.030" level="INFO">${dbaName} = YACAMdwYjBvi</msg>
<status status="PASS" starttime="20240110 21:10:52.030" endtime="20240110 21:10:52.030"/>
</kw>
<kw name="Set Global Variable" library="BuiltIn">
<arg>${dbaName}</arg>
<doc>Makes a variable available globally in all tests and suites.</doc>
<msg timestamp="20240110 21:10:52.030" level="INFO">${dbaName} = YACAMdwYjBvi</msg>
<status status="PASS" starttime="20240110 21:10:52.030" endtime="20240110 21:10:52.038"/>
</kw>
<status status="PASS" starttime="20240110 21:10:52.030" endtime="20240110 21:10:52.038"/>
</kw>
<kw name="Enter the DBA Name" library="LeadCreationKeywords">
<arg>${dbaName}</arg>
<kw name="Input Text" library="Selenium2Library">
<arg>${dbaNameInput}</arg>
<arg>${dbaName}</arg>
<doc>Types the given ``text`` into the text field identified by ``locator``.</doc>
<msg timestamp="20240110 21:10:52.038" level="INFO">Typing text 'YACAMdwYjBvi' into text field 'xpath://input[@name='Company']'.</msg>
<status status="PASS" starttime="20240110 21:10:52.038" endtime="20240110 21:10:52.283"/>
</kw>
<status status="PASS" starttime="20240110 21:10:52.038" endtime="20240110 21:10:52.283"/>
</kw>
<kw name="Enter the phone number" library="LeadCreationKeywords">
<arg>${phone}</arg>
<kw name="Input Text" library="Selenium2Library">
<arg>${phoneInput}</arg>
<arg>${phone}</arg>
<doc>Types the given ``text`` into the text field identified by ``locator``.</doc>
<msg timestamp="20240110 21:10:52.283" level="INFO">Typing text '3485734577' into text field 'xpath://input[@name='Phone']'.</msg>
<status status="PASS" starttime="20240110 21:10:52.283" endtime="20240110 21:10:52.493"/>
</kw>
<status status="PASS" starttime="20240110 21:10:52.283" endtime="20240110 21:10:52.493"/>
</kw>
<kw name="Enter the mobile number" library="LeadCreationKeywords">
<arg>${mobile}</arg>
<kw name="Input Text" library="Selenium2Library">
<arg>${mobileInput}</arg>
<arg>${mobile}</arg>
<doc>Types the given ``text`` into the text field identified by ``locator``.</doc>
<msg timestamp="20240110 21:10:52.501" level="INFO">Typing text '439753754' into text field 'xpath://input[@name='MobilePhone']'.</msg>
<status status="PASS" starttime="20240110 21:10:52.493" endtime="20240110 21:10:52.880"/>
</kw>
<status status="PASS" starttime="20240110 21:10:52.493" endtime="20240110 21:10:52.880"/>
</kw>
<kw name="Enter the email" library="LeadCreationKeywords">
<arg>${email}</arg>
<kw name="Input Text" library="Selenium2Library">
<arg>${emailInput}</arg>
<arg>${email}</arg>
<doc>Types the given ``text`` into the text field identified by ``locator``.</doc>
<msg timestamp="20240110 21:10:52.884" level="INFO">Typing text 'testemail34@gmail.com' into text field 'xpath://input[@name='Email']'.</msg>
<status status="PASS" starttime="20240110 21:10:52.884" endtime="20240110 21:10:53.200"/>
</kw>
<status status="PASS" starttime="20240110 21:10:52.881" endtime="20240110 21:10:53.200"/>
</kw>
<kw name="Scroll Element Into View" library="Selenium2Library">
<arg>xpath=//button[@name='Sales_Branch_Level_1_WF__c']</arg>
<doc>Scrolls the element identified by ``locator`` into view.</doc>
<status status="PASS" starttime="20240110 21:10:53.200" endtime="20240110 21:10:53.509"/>
</kw>
<kw name="Wait Until Element Is Visible" library="Selenium2Library">
<arg>xpath=//button[@name='Sales_Branch_Level_1_WF__c']</arg>
<doc>Waits until the element ``locator`` is visible.</doc>
<status status="PASS" starttime="20240110 21:10:53.509" endtime="20240110 21:10:53.546"/>
</kw>
<kw name="Click the Sales Branch Level1" library="LeadCreationKeywords">
<kw name="Click Button" library="Selenium2Library">
<arg>${salesBranchLevel1}</arg>
<doc>Clicks the button identified by ``locator``.</doc>
<msg timestamp="20240110 21:10:53.546" level="INFO">Clicking button 'xpath://button[@name='Sales_Branch_Level_1_WF__c']'.</msg>
<status status="PASS" starttime="20240110 21:10:53.546" endtime="20240110 21:10:53.701"/>
</kw>
<kw name="Click Element" library="Selenium2Library">
<arg>${sbL1PicklistValue}</arg>
<doc>Click the element identified by ``locator``.</doc>
<msg timestamp="20240110 21:10:53.703" level="INFO">Clicking element 'xpath://span[@class='slds-truncate']/self::span[contains(text(),'Bags &amp; Footwear &amp; Accessories')]'.</msg>
<status status="PASS" starttime="20240110 21:10:53.701" endtime="20240110 21:10:53.818"/>
</kw>
<status status="PASS" starttime="20240110 21:10:53.546" endtime="20240110 21:10:53.818"/>
</kw>
<kw name="Scroll Element Into View" library="Selenium2Library">
<arg>xpath=//button[@name='Sales_Branch_Level_3_WF__c']</arg>
<doc>Scrolls the element identified by ``locator`` into view.</doc>
<status status="PASS" starttime="20240110 21:10:53.818" endtime="20240110 21:10:54.132"/>
</kw>
<kw name="Wait Until Element Is Visible" library="Selenium2Library">
<arg>xpath=//button[@name='Sales_Branch_Level_3_WF__c']</arg>
<doc>Waits until the element ``locator`` is visible.</doc>
<status status="PASS" starttime="20240110 21:10:54.132" endtime="20240110 21:10:54.164"/>
</kw>
<kw name="Click the Sales Branch Level3" library="LeadCreationKeywords">
<kw name="Click Button" library="Selenium2Library">
<arg>${salesBranchLevel3}</arg>
<doc>Clicks the button identified by ``locator``.</doc>
<msg timestamp="20240110 21:10:54.173" level="INFO">Clicking button 'xpath://button[@name='Sales_Branch_Level_3_WF__c']'.</msg>
<status status="PASS" starttime="20240110 21:10:54.164" endtime="20240110 21:10:54.294"/>
</kw>
<kw name="Click Element" library="Selenium2Library">
<arg>${sbL3PicklistValue}</arg>
<doc>Click the element identified by ``locator``.</doc>
<msg timestamp="20240110 21:10:54.295" level="INFO">Clicking element 'xpath://span[@class='slds-truncate']/self::span[contains(text(),'Children footwear')]'.</msg>
<status status="PASS" starttime="20240110 21:10:54.294" endtime="20240110 21:10:54.389"/>
</kw>
<status status="PASS" starttime="20240110 21:10:54.164" endtime="20240110 21:10:54.389"/>
</kw>
<kw name="Scroll Element Into View" library="Selenium2Library">
<arg>xpath=//input[@name='country']</arg>
<doc>Scrolls the element identified by ``locator`` into view.</doc>
<status status="PASS" starttime="20240110 21:10:54.389" endtime="20240110 21:10:54.713"/>
</kw>
<kw name="Sleep" library="BuiltIn">
<arg>5s</arg>
<doc>Pauses the test executed for the given time.</doc>
<msg timestamp="20240110 21:10:59.725" level="INFO">Slept 5 seconds</msg>
<status status="PASS" starttime="20240110 21:10:54.713" endtime="20240110 21:10:59.725"/>
</kw>
<kw name="Wait Until Element Is Visible" library="Selenium2Library">
<arg>xpath=//input[@name='country']</arg>
<doc>Waits until the element ``locator`` is visible.</doc>
<status status="PASS" starttime="20240110 21:10:59.725" endtime="20240110 21:10:59.758"/>
</kw>
<kw name="Click on the Country Code" library="LeadCreationKeywords">
<kw name="Click Element" library="Selenium2Library">
<arg>${countryCode}</arg>
<doc>Click the element identified by ``locator``.</doc>
<msg timestamp="20240110 21:10:59.758" level="INFO">Clicking element 'xpath://input[@name='country']'.</msg>
<status status="PASS" starttime="20240110 21:10:59.758" endtime="20240110 21:10:59.898"/>
</kw>
<kw name="Sleep" library="BuiltIn">
<arg>5s</arg>
<doc>Pauses the test executed for the given time.</doc>
<msg timestamp="20240110 21:11:04.905" level="INFO">Slept 5 seconds</msg>
<status status="PASS" starttime="20240110 21:10:59.898" endtime="20240110 21:11:04.905"/>
</kw>
<kw name="Click Element" library="Selenium2Library">
<arg>${countryCodePicklist}</arg>
<doc>Click the element identified by ``locator``.</doc>
<msg timestamp="20240110 21:11:04.905" level="INFO">Clicking element 'xpath://span[@class='slds-truncate']/self::span[contains(text(),'Afghanistan')]'.</msg>
<status status="PASS" starttime="20240110 21:11:04.905" endtime="20240110 21:11:05.027"/>
</kw>
<status status="PASS" starttime="20240110 21:10:59.758" endtime="20240110 21:11:05.033"/>
</kw>
<kw name="Enter the City" library="LeadCreationKeywords">
<arg>${city}</arg>
<kw name="Input Text" library="Selenium2Library">
<arg>${cityInput}</arg>
<arg>${city}</arg>
<doc>Types the given ``text`` into the text field identified by ``locator``.</doc>
<msg timestamp="20240110 21:11:05.033" level="INFO">Typing text 'Hosur' into text field 'xpath://input[@name='city']'.</msg>
<status status="PASS" starttime="20240110 21:11:05.033" endtime="20240110 21:11:05.219"/>
</kw>
<status status="PASS" starttime="20240110 21:11:05.033" endtime="20240110 21:11:05.219"/>
</kw>
<kw name="Enter the PostalCode" library="LeadCreationKeywords">
<arg>${postal}</arg>
<kw name="Input Text" library="Selenium2Library">
<arg>${postalCodeInput}</arg>
<arg>${postal}</arg>
<doc>Types the given ``text`` into the text field identified by ``locator``.</doc>
<msg timestamp="20240110 21:11:05.219" level="INFO">Typing text '634332' into text field 'xpath://input[@name='postalCode']'.</msg>
<status status="PASS" starttime="20240110 21:11:05.219" endtime="20240110 21:11:05.451"/>
</kw>
<status status="PASS" starttime="20240110 21:11:05.219" endtime="20240110 21:11:05.451"/>
</kw>
<kw name="Sleep" library="BuiltIn">
<arg>5s</arg>
<doc>Pauses the test executed for the given time.</doc>
<msg timestamp="20240110 21:11:10.465" level="INFO">Slept 5 seconds</msg>
<status status="PASS" starttime="20240110 21:11:05.451" endtime="20240110 21:11:10.465"/>
</kw>
<kw name="Get WebElement" library="Selenium2Library">
<var>${element}</var>
<arg>xpath=//button[contains(text(),'Save')]/self::button[@class='slds-button slds-button_brand']</arg>
<doc>Returns the first WebElement matching the given ``locator``.</doc>
<msg timestamp="20240110 21:11:10.481" level="INFO">${element} = &lt;selenium.webdriver.remote.webelement.WebElement (session="78bcc760d402541cd323da17e1ffd99b", element="E74644D0BFD00810E6CF80D678F8A293_element_398")&gt;</msg>
<status status="PASS" starttime="20240110 21:11:10.465" endtime="20240110 21:11:10.481"/>
</kw>
<kw name="Execute Javascript" library="Selenium2Library">
<arg>arguments[0].click();</arg>
<arg>ARGUMENTS</arg>
<arg>${element}</arg>
<doc>Executes the given JavaScript code with possible arguments.</doc>
<msg timestamp="20240110 21:11:10.498" level="INFO">Executing JavaScript:
arguments[0].click();
By using argument:
'&lt;selenium.webdriver.remote.webelement.WebElement (session="78bcc760d402541cd323da17e1ffd99b", element="E74644D0BFD00810E6CF80D678F8A293_element_398")&gt;'</msg>
<status status="PASS" starttime="20240110 21:11:10.496" endtime="20240110 21:11:10.532"/>
</kw>
<kw name="Click on the DC Convert button" library="LeadCreationKeywords">
<kw name="Sleep" library="BuiltIn">
<arg>5s</arg>
<doc>Pauses the test executed for the given time.</doc>
<msg timestamp="20240110 21:11:15.539" level="INFO">Slept 5 seconds</msg>
<status status="PASS" starttime="20240110 21:11:10.532" endtime="20240110 21:11:15.539"/>
</kw>
<kw name="Wait Until Element Is Visible" library="Selenium2Library">
<arg>${dcConvertButton}</arg>
<arg>20s</arg>
<doc>Waits until the element ``locator`` is visible.</doc>
<status status="PASS" starttime="20240110 21:11:15.539" endtime="20240110 21:11:20.087"/>
</kw>
<kw name="Click Button" library="Selenium2Library">
<arg>${dcConvertButton}</arg>
<doc>Clicks the button identified by ``locator``.</doc>
<msg timestamp="20240110 21:11:20.088" level="INFO">Clicking button 'xpath://button[@class='slds-button slds-button_neutral']/self::button[contains(text(),'DC Convert')]'.</msg>
<status status="PASS" starttime="20240110 21:11:20.087" endtime="20240110 21:11:20.216"/>
</kw>
<kw name="Sleep" library="BuiltIn">
<arg>10s</arg>
<doc>Pauses the test executed for the given time.</doc>
<msg timestamp="20240110 21:11:30.226" level="INFO">Slept 10 seconds</msg>
<status status="PASS" starttime="20240110 21:11:20.218" endtime="20240110 21:11:30.226"/>
</kw>
<status status="PASS" starttime="20240110 21:11:10.532" endtime="20240110 21:11:30.227"/>
</kw>
<kw name="Switch Window" library="Selenium2Library">
<arg>title=Convert - Duplicate Check for Salesforce | Salesforce</arg>
<doc>Switches to browser window matching ``locator``.</doc>
<status status="PASS" starttime="20240110 21:11:30.227" endtime="20240110 21:11:30.323"/>
</kw>
<kw name="Sleep" library="BuiltIn">
<arg>5s</arg>
<doc>Pauses the test executed for the given time.</doc>
<msg timestamp="20240110 21:11:35.332" level="INFO">Slept 5 seconds</msg>
<status status="PASS" starttime="20240110 21:11:30.323" endtime="20240110 21:11:35.333"/>
</kw>
<kw name="Select Frame" library="Selenium2Library">
<arg>xpath=//iframe[@title='Convert - Duplicate Check for Salesforce']</arg>
<doc>Sets frame identified by ``locator`` as the current frame.</doc>
<msg timestamp="20240110 21:11:35.333" level="INFO">Selecting frame 'xpath=//iframe[@title='Convert - Duplicate Check for Salesforce']'.</msg>
<status status="PASS" starttime="20240110 21:11:35.333" endtime="20240110 21:11:35.380"/>
</kw>
<kw name="Click on the Convert button" library="LeadCreationKeywords">
<kw name="Sleep" library="BuiltIn">
<arg>5s</arg>
<doc>Pauses the test executed for the given time.</doc>
<msg timestamp="20240110 21:11:40.392" level="INFO">Slept 5 seconds</msg>
<status status="PASS" starttime="20240110 21:11:35.380" endtime="20240110 21:11:40.392"/>
</kw>
<kw name="Wait Until Element Is Visible" library="Selenium2Library">
<arg>${convertButton}</arg>
<arg>10s</arg>
<doc>Waits until the element ``locator`` is visible.</doc>
<status status="PASS" starttime="20240110 21:11:40.392" endtime="20240110 21:11:40.434"/>
</kw>
<kw name="Click Button" library="Selenium2Library">
<arg>${convertButton}</arg>
<doc>Clicks the button identified by ``locator``.</doc>
<msg timestamp="20240110 21:11:40.434" level="INFO">Clicking button 'xpath://section[@class='slds-modal slds-fade-in-open']/descendant::button[@title='Convert']'.</msg>
<status status="PASS" starttime="20240110 21:11:40.434" endtime="20240110 21:11:40.639"/>
</kw>
<status status="PASS" starttime="20240110 21:11:35.380" endtime="20240110 21:11:40.641"/>
</kw>
<status status="PASS" starttime="20240110 21:10:22.933" endtime="20240110 21:11:40.641"/>
</test>
<status status="PASS" starttime="20240110 21:10:22.708" endtime="20240110 21:11:40.643"/>
</suite>
<statistics>
<total>
<stat pass="1" fail="0" skip="0">All Tests</stat>
</total>
<tag>
</tag>
<suite>
<stat pass="1" fail="0" skip="0" id="s1" name="CreateAccountandContact">CreateAccountandContact</stat>
</suite>
</statistics>
<errors>
</errors>
</robot>
