<?xml version="1.0" encoding="UTF-8"?>
<robot generator="Robot 6.1 (Python 3.10.10 on win32)" generated="20231204 18:28:32.171" rpa="false" schemaversion="4">
<suite id="s1" name="NewOpportunityCreation" source="C:\Users\senthilkumar.k\PycharmProjects\URW_RobotFramework\Test\NewOpportunityCreation.robot">
<test id="s1-t1" name="Create_a_New_Agreement_type" line="9">
<kw name="Log into the Salesforce Application" library="LoginKeywords">
<arg>${SiteURL}</arg>
<arg>${Browser}</arg>
<arg>${username}</arg>
<arg>${password}</arg>
<kw name="Open Browser" library="Selenium2Library">
<arg>${SiteURL}</arg>
<arg>${Browser}</arg>
<doc>Opens a new browser instance to the optional ``url``.</doc>
<msg timestamp="20231204 18:28:32.355" level="INFO">Opening browser 'Chrome' to base url 'https://westfield--sit.sandbox.my.salesforce.com/?login'.</msg>
<status status="PASS" starttime="20231204 18:28:32.355" endtime="20231204 18:28:37.259"/>
</kw>
<kw name="Maximize Browser Window" library="Selenium2Library">
<doc>Maximizes current browser window.</doc>
<status status="PASS" starttime="20231204 18:28:37.259" endtime="20231204 18:28:37.402"/>
</kw>
<kw name="Sleep" library="BuiltIn">
<arg>2s</arg>
<doc>Pauses the test executed for the given time.</doc>
<msg timestamp="20231204 18:28:39.406" level="INFO">Slept 2 seconds</msg>
<status status="PASS" starttime="20231204 18:28:37.402" endtime="20231204 18:28:39.406"/>
</kw>
<kw name="Input Text" library="Selenium2Library">
<arg>${txt_loginUserName}</arg>
<arg>${username}</arg>
<doc>Types the given ``text`` into the text field identified by ``locator``.</doc>
<msg timestamp="20231204 18:28:39.406" level="INFO">Typing text 'senthilkumar.k@tavant.com.wfprod.sit' into text field 'id:username'.</msg>
<status status="PASS" starttime="20231204 18:28:39.406" endtime="20231204 18:28:39.524"/>
</kw>
<kw name="Input Text" library="Selenium2Library">
<arg>${txt_loginPassword}</arg>
<arg>${password}</arg>
<doc>Types the given ``text`` into the text field identified by ``locator``.</doc>
<msg timestamp="20231204 18:28:39.524" level="INFO">Typing text 'welcomewelcomewelcomewelcome2023' into text field 'id:password'.</msg>
<status status="PASS" starttime="20231204 18:28:39.524" endtime="20231204 18:28:39.609"/>
</kw>
<kw name="Click Button" library="Selenium2Library">
<arg>${btn_Login}</arg>
<doc>Clicks the button identified by ``locator``.</doc>
<msg timestamp="20231204 18:28:39.609" level="INFO">Clicking button 'id:Login'.</msg>
<status status="PASS" starttime="20231204 18:28:39.609" endtime="20231204 18:29:17.055"/>
</kw>
<status status="PASS" starttime="20231204 18:28:32.355" endtime="20231204 18:29:17.055"/>
</kw>
<kw name="Set Browser Implicit Wait" library="Selenium2Library">
<arg>5s</arg>
<doc>Sets the implicit wait value used by Selenium.</doc>
<status status="PASS" starttime="20231204 18:29:17.055" endtime="20231204 18:29:17.055"/>
</kw>
<kw name="Sleep" library="BuiltIn">
<arg>5s</arg>
<doc>Pauses the test executed for the given time.</doc>
<msg timestamp="20231204 18:29:22.057" level="INFO">Slept 5 seconds</msg>
<status status="PASS" starttime="20231204 18:29:17.055" endtime="20231204 18:29:22.057"/>
</kw>
<kw name="Click on the Account Navigation Link" library="NewOpportunityCreationKeywords">
<kw name="Get WebElement" library="Selenium2Library">
<var>${AccountLink}</var>
<arg>xpath=//span[contains(text(),'Accounts')]/self::span[@class='slds-truncate']</arg>
<doc>Returns the first WebElement matching the given ``locator``.</doc>
<msg timestamp="20231204 18:29:22.073" level="INFO">${AccountLink} = &lt;selenium.webdriver.remote.webelement.WebElement (session="ec58ebd1961446f6fb19dd4e34ef0bdc", element="ECBF30BA77CA659247B601A37929BBF3_element_166")&gt;</msg>
<status status="PASS" starttime="20231204 18:29:22.057" endtime="20231204 18:29:22.073"/>
</kw>
<kw name="Execute Javascript" library="Selenium2Library">
<arg>arguments[0].click();</arg>
<arg>ARGUMENTS</arg>
<arg>${AccountLink}</arg>
<doc>Executes the given JavaScript code with possible arguments.</doc>
<msg timestamp="20231204 18:29:22.073" level="INFO">Executing JavaScript:
arguments[0].click();
By using argument:
'&lt;selenium.webdriver.remote.webelement.WebElement (session="ec58ebd1961446f6fb19dd4e34ef0bdc", element="ECBF30BA77CA659247B601A37929BBF3_element_166")&gt;'</msg>
<status status="PASS" starttime="20231204 18:29:22.073" endtime="20231204 18:29:22.196"/>
</kw>
<status status="PASS" starttime="20231204 18:29:22.057" endtime="20231204 18:29:22.196"/>
</kw>
<kw name="Click on the Drop down Icon" library="NewOpportunityCreationKeywords">
<kw name="Wait Until Element Is Visible" library="Selenium2Library">
<arg>${accountListViewDropDownIcon}</arg>
<arg>20s</arg>
<doc>Waits until the element ``locator`` is visible.</doc>
<status status="PASS" starttime="20231204 18:29:22.196" endtime="20231204 18:29:22.740"/>
</kw>
<kw name="Click Element" library="Selenium2Library">
<arg>${accountListViewDropDownIcon}</arg>
<doc>Click the element identified by ``locator``.</doc>
<msg timestamp="20231204 18:29:22.740" level="INFO">Clicking element 'xpath://span[@part='boundary']/ancestor::button[@title='Select a List View: Accounts']'.</msg>
<status status="PASS" starttime="20231204 18:29:22.740" endtime="20231204 18:29:22.843"/>
</kw>
<status status="PASS" starttime="20231204 18:29:22.196" endtime="20231204 18:29:22.843"/>
</kw>
<kw name="Click on the All Account drop down option" library="NewOpportunityCreationKeywords">
<kw name="Wait Until Element Is Visible" library="Selenium2Library">
<arg>${allAccountListOption}</arg>
<arg>20s</arg>
<doc>Waits until the element ``locator`` is visible.</doc>
<status status="PASS" starttime="20231204 18:29:22.849" endtime="20231204 18:29:23.829"/>
</kw>
<kw name="Click Element" library="Selenium2Library">
<arg>${allAccountListOption}</arg>
<doc>Click the element identified by ``locator``.</doc>
<msg timestamp="20231204 18:29:23.829" level="INFO">Clicking element 'xpath://span[contains(text(),'All Accounts')]/self::span[@class=' virtualAutocompleteOptionText']'.</msg>
<status status="PASS" starttime="20231204 18:29:23.829" endtime="20231204 18:29:24.061"/>
</kw>
<status status="PASS" starttime="20231204 18:29:22.843" endtime="20231204 18:29:24.061"/>
</kw>
<kw name="Select the account to create a new agreement deal" library="NewOpportunityCreationKeywords">
<kw name="Sleep" library="BuiltIn">
<arg>3s</arg>
<doc>Pauses the test executed for the given time.</doc>
<msg timestamp="20231204 18:29:27.067" level="INFO">Slept 3 seconds</msg>
<status status="PASS" starttime="20231204 18:29:24.063" endtime="20231204 18:29:27.067"/>
</kw>
<kw name="Click Link" library="Selenium2Library">
<arg>${accountName}</arg>
<doc>Clicks a link identified by ``locator``.</doc>
<msg timestamp="20231204 18:29:27.069" level="INFO">Clicking link 'xpath://a[@title='#kimchi cosplay']'.</msg>
<status status="PASS" starttime="20231204 18:29:27.069" endtime="20231204 18:29:27.217"/>
</kw>
<status status="PASS" starttime="20231204 18:29:24.061" endtime="20231204 18:29:27.217"/>
</kw>
<kw name="Click on the Related Tab" library="NewOpportunityCreationKeywords">
<kw name="Sleep" library="BuiltIn">
<arg>10s</arg>
<doc>Pauses the test executed for the given time.</doc>
<msg timestamp="20231204 18:29:37.231" level="INFO">Slept 10 seconds</msg>
<status status="PASS" starttime="20231204 18:29:27.217" endtime="20231204 18:29:37.231"/>
</kw>
<kw name="Wait Until Element Is Visible" library="Selenium2Library">
<arg>${relatedTab}</arg>
<arg>20s</arg>
<doc>Waits until the element ``locator`` is visible.</doc>
<status status="PASS" starttime="20231204 18:29:37.231" endtime="20231204 18:29:37.247"/>
</kw>
<kw name="Click Element" library="Selenium2Library">
<arg>${relatedTab}</arg>
<doc>Click the element identified by ``locator``.</doc>
<msg timestamp="20231204 18:29:37.247" level="INFO">Clicking element 'xpath://li[@title='Related']/self::li[@class='slds-tabs_default__item']'.</msg>
<status status="PASS" starttime="20231204 18:29:37.247" endtime="20231204 18:29:37.339"/>
</kw>
<status status="PASS" starttime="20231204 18:29:27.217" endtime="20231204 18:29:37.339"/>
</kw>
<kw name="Click on the New Opportunity type button" library="NewOpportunityCreationKeywords">
<kw name="Sleep" library="BuiltIn">
<arg>3s</arg>
<doc>Pauses the test executed for the given time.</doc>
<msg timestamp="20231204 18:29:40.346" level="INFO">Slept 3 seconds</msg>
<status status="PASS" starttime="20231204 18:29:37.343" endtime="20231204 18:29:40.346"/>
</kw>
<kw name="Click Element" library="Selenium2Library">
<arg>${newOpportunityButton}</arg>
<doc>Click the element identified by ``locator``.</doc>
<msg timestamp="20231204 18:29:40.346" level="INFO">Clicking element 'xpath://*[contains(text(),'New')]/ancestor::li[@data-target-selection-name='sfdc:CustomButton.Opportunity.New_WF']'.</msg>
<status status="PASS" starttime="20231204 18:29:40.346" endtime="20231204 18:29:40.481"/>
</kw>
<status status="PASS" starttime="20231204 18:29:37.339" endtime="20231204 18:29:40.481"/>
</kw>
<kw name="Click on the Next button" library="NewOpportunityCreationKeywords">
<kw name="Sleep" library="BuiltIn">
<arg>10s</arg>
<doc>Pauses the test executed for the given time.</doc>
<msg timestamp="20231204 18:29:50.498" level="INFO">Slept 10 seconds</msg>
<status status="PASS" starttime="20231204 18:29:40.481" endtime="20231204 18:29:50.498"/>
</kw>
<kw name="Select Frame" library="Selenium2Library">
<arg>${iframeXpath}</arg>
<doc>Sets frame identified by ``locator`` as the current frame.</doc>
<msg timestamp="20231204 18:29:50.498" level="INFO">Selecting frame 'xpath://iframe[@title='accessibility title']'.</msg>
<status status="PASS" starttime="20231204 18:29:50.498" endtime="20231204 18:29:50.530"/>
</kw>
<kw name="Wait Until Element Is Visible" library="Selenium2Library">
<arg>${nextButton}</arg>
<arg>20s</arg>
<doc>Waits until the element ``locator`` is visible.</doc>
<status status="PASS" starttime="20231204 18:29:50.530" endtime="20231204 18:29:51.314"/>
</kw>
<kw name="Click Button" library="Selenium2Library">
<arg>${nextButton}</arg>
<doc>Clicks the button identified by ``locator``.</doc>
<msg timestamp="20231204 18:29:51.314" level="INFO">Clicking button 'xpath://button[@class='slds-button slds-button--neutral slds-button slds-button_neutral next-button uiButton--default uiButton']'.</msg>
<status status="PASS" starttime="20231204 18:29:51.314" endtime="20231204 18:29:51.678"/>
</kw>
<status status="PASS" starttime="20231204 18:29:40.481" endtime="20231204 18:29:51.678"/>
</kw>
<kw name="Fill the New deal fields at the offer stage" library="NewOpportunityCreationKeywords">
<arg>${centerName}</arg>
<kw name="Sleep" library="BuiltIn">
<arg>5s</arg>
<doc>Pauses the test executed for the given time.</doc>
<msg timestamp="20231204 18:29:56.687" level="INFO">Slept 5 seconds</msg>
<status status="PASS" starttime="20231204 18:29:51.678" endtime="20231204 18:29:56.687"/>
</kw>
<kw name="Input Text" library="Selenium2Library">
<arg>${centerNameInput}</arg>
<arg>${centerName}</arg>
<doc>Types the given ``text`` into the text field identified by ``locator``.</doc>
<msg timestamp="20231204 18:29:56.687" level="INFO">Typing text 'Century City' into text field 'xpath://input[@class='slds-lookup__search-input slds-input input uiInput uiInputText uiInput--default uiInput--input']/self::input[@id='831:0']'.</msg>
<status status="PASS" starttime="20231204 18:29:56.687" endtime="20231204 18:29:56.840"/>
</kw>
<kw name="Sleep" library="BuiltIn">
<arg>5s</arg>
<doc>Pauses the test executed for the given time.</doc>
<msg timestamp="20231204 18:30:01.853" level="INFO">Slept 5 seconds</msg>
<status status="PASS" starttime="20231204 18:29:56.840" endtime="20231204 18:30:01.853"/>
</kw>
<kw name="Click Element" library="Selenium2Library">
<arg>${centerNameOption}</arg>
<doc>Click the element identified by ``locator``.</doc>
<msg timestamp="20231204 18:30:01.853" level="INFO">Clicking element 'xpath://a[contains(text(),'Century City')]'.</msg>
<status status="PASS" starttime="20231204 18:30:01.853" endtime="20231204 18:30:01.982"/>
</kw>
<kw name="Click Button" library="Selenium2Library">
<arg>${useType}</arg>
<doc>Clicks the button identified by ``locator``.</doc>
<msg timestamp="20231204 18:30:01.982" level="INFO">Clicking button 'xpath://button[@class='slds-button slds-button_neutral slds-picklist__label updateJustifyContent']'.</msg>
<status status="PASS" starttime="20231204 18:30:01.982" endtime="20231204 18:30:02.084"/>
</kw>
<kw name="Click Element" library="Selenium2Library">
<arg>${useTypeListOption}</arg>
<doc>Click the element identified by ``locator``.</doc>
<msg timestamp="20231204 18:30:02.084" level="INFO">Clicking element 'xpath://span[@class='slds-truncate']/self::span[contains(text(),'Food Court')]'.</msg>
<status status="PASS" starttime="20231204 18:30:02.084" endtime="20231204 18:30:02.187"/>
</kw>
<kw name="Click Element" library="Selenium2Library">
<arg>${unitOrNewUnit}</arg>
<doc>Click the element identified by ``locator``.</doc>
<msg timestamp="20231204 18:30:02.187" level="INFO">Clicking element 'xpath://input[@class='slds-input input uiInput uiInputText uiInput--default uiInput--input']/self::input[@id='1015:0']'.</msg>
<status status="PASS" starttime="20231204 18:30:02.187" endtime="20231204 18:30:02.325"/>
</kw>
<kw name="Sleep" library="BuiltIn">
<arg>5s</arg>
<doc>Pauses the test executed for the given time.</doc>
<msg timestamp="20231204 18:30:07.335" level="INFO">Slept 5 seconds</msg>
<status status="PASS" starttime="20231204 18:30:02.325" endtime="20231204 18:30:07.336"/>
</kw>
<kw name="Select Radio Button" library="Selenium2Library">
<arg>others</arg>
<arg>01t1L00000J3CWUQA3</arg>
<doc>Sets the radio button group ``group_name`` to ``value``.</doc>
<msg timestamp="20231204 18:30:07.336" level="INFO">Selecting '01t1L00000J3CWUQA3' from radio button 'others'.</msg>
<status status="PASS" starttime="20231204 18:30:07.336" endtime="20231204 18:30:07.457"/>
</kw>
<kw name="Wait Until Element Is Visible" library="Selenium2Library">
<arg>${saveAndExitButton}</arg>
<arg>10s</arg>
<doc>Waits until the element ``locator`` is visible.</doc>
<status status="PASS" starttime="20231204 18:30:07.457" endtime="20231204 18:30:07.473"/>
</kw>
<kw name="Click Button" library="Selenium2Library">
<arg>${saveAndExitButton}</arg>
<doc>Clicks the button identified by ``locator``.</doc>
<msg timestamp="20231204 18:30:07.473" level="INFO">Clicking button 'xpath://button[contains(text(),'Save and Exit')]'.</msg>
<status status="PASS" starttime="20231204 18:30:07.473" endtime="20231204 18:30:07.649"/>
</kw>
<status status="PASS" starttime="20231204 18:29:51.678" endtime="20231204 18:30:07.649"/>
</kw>
<kw name="Edit the Opportunity at the Proposal stage" library="NewOpportunityCreationKeywords">
<kw name="Enter the space delivery date" library="NewOpportunityCreationKeywords">
<arg>${SpaceDelivery}</arg>
<kw name="Sleep" library="BuiltIn">
<arg>3s</arg>
<doc>Pauses the test executed for the given time.</doc>
<msg timestamp="20231204 18:30:10.662" level="INFO">Slept 3 seconds</msg>
<status status="PASS" starttime="20231204 18:30:07.649" endtime="20231204 18:30:10.662"/>
</kw>
<kw name="Input Text" library="Selenium2Library">
<arg>${spaceDelieveryInput}</arg>
<arg>${SpaceDelivery}</arg>
<doc>Types the given ``text`` into the text field identified by ``locator``.</doc>
<msg timestamp="20231204 18:30:10.662" level="INFO">Typing text '12/1/2023' into text field 'xpath://input[@id='input-15']'.</msg>
<status status="PASS" starttime="20231204 18:30:10.662" endtime="20231204 18:30:10.757"/>
</kw>
<status status="PASS" starttime="20231204 18:30:07.649" endtime="20231204 18:30:10.757"/>
</kw>
<kw name="Enter the RCD date" library="NewOpportunityCreationKeywords">
<arg>${newRCD}</arg>
<kw name="Set Browser Implicit Wait" library="Selenium2Library">
<arg>3s</arg>
<doc>Sets the implicit wait value used by Selenium.</doc>
<status status="PASS" starttime="20231204 18:30:10.757" endtime="20231204 18:30:10.766"/>
</kw>
<kw name="Input Text" library="Selenium2Library">
<arg>${newRCDdate}</arg>
<arg>${newRCD}</arg>
<doc>Types the given ``text`` into the text field identified by ``locator``.</doc>
<msg timestamp="20231204 18:30:10.766" level="INFO">Typing text '12/3/2023' into text field 'xpath://input[@id='input-18']'.</msg>
<status status="PASS" starttime="20231204 18:30:10.766" endtime="20231204 18:30:10.856"/>
</kw>
<status status="PASS" starttime="20231204 18:30:10.757" endtime="20231204 18:30:10.856"/>
</kw>
<kw name="Set Browser Implicit Wait" library="Selenium2Library">
<arg>5s</arg>
<doc>Sets the implicit wait value used by Selenium.</doc>
<status status="PASS" starttime="20231204 18:30:10.856" endtime="20231204 18:30:10.856"/>
</kw>
<kw name="Enter the expiration date" library="NewOpportunityCreationKeywords">
<arg>${expiration}</arg>
<kw name="Set Browser Implicit Wait" library="Selenium2Library">
<arg>3s</arg>
<doc>Sets the implicit wait value used by Selenium.</doc>
<status status="PASS" starttime="20231204 18:30:10.856" endtime="20231204 18:30:10.856"/>
</kw>
<kw name="Input Text" library="Selenium2Library">
<arg>${expirationDate}</arg>
<arg>${expiration}</arg>
<doc>Types the given ``text`` into the text field identified by ``locator``.</doc>
<msg timestamp="20231204 18:30:10.856" level="INFO">Typing text '12/2/2028' into text field 'xpath://input[@id='input-21']'.</msg>
<status status="PASS" starttime="20231204 18:30:10.856" endtime="20231204 18:30:10.955"/>
</kw>
<status status="PASS" starttime="20231204 18:30:10.856" endtime="20231204 18:30:10.955"/>
</kw>
<kw name="Click Button" library="Selenium2Library">
<arg>${saveButton}</arg>
<doc>Clicks the button identified by ``locator``.</doc>
<msg timestamp="20231204 18:30:10.955" level="INFO">Clicking button 'xpath://button[@class='slds-button slds-button_brand save-btn btn primary-btn']'.</msg>
<status status="PASS" starttime="20231204 18:30:10.955" endtime="20231204 18:30:11.069"/>
</kw>
<kw name="Set Browser Implicit Wait" library="Selenium2Library">
<arg>5s</arg>
<doc>Sets the implicit wait value used by Selenium.</doc>
<status status="PASS" starttime="20231204 18:30:11.069" endtime="20231204 18:30:11.069"/>
</kw>
<status status="PASS" starttime="20231204 18:30:07.649" endtime="20231204 18:30:11.069"/>
</kw>
<status status="PASS" starttime="20231204 18:28:32.355" endtime="20231204 18:30:11.072"/>
</test>
<status status="PASS" starttime="20231204 18:28:32.171" endtime="20231204 18:30:11.073"/>
</suite>
<statistics>
<total>
<stat pass="1" fail="0" skip="0">All Tests</stat>
</total>
<tag>
</tag>
<suite>
<stat pass="1" fail="0" skip="0" id="s1" name="NewOpportunityCreation">NewOpportunityCreation</stat>
</suite>
</statistics>
<errors>
</errors>
</robot>
