<?xml version="1.0" encoding="UTF-8"?>
<robot generator="Robot 6.1 (Python 3.10.10 on win32)" generated="20230920 15:01:13.785" rpa="false" schemaversion="4">
<suite id="s1" name="CreateAccountandContact" source="C:\Users\senthilkumar.k\PycharmProjects\pythonProject1\Test\CreateAccountandContact.robot">
<test id="s1-t1" name="Create_New_Account_and_Contact_from_Lead" line="9">
<kw name="Log into the Salesforce Application" library="LoginKeywords">
<arg>${SiteURL}</arg>
<arg>${Browser}</arg>
<arg>${username}</arg>
<arg>${password}</arg>
<kw name="Open Browser" library="Selenium2Library">
<arg>${SiteURL}</arg>
<arg>${Browser}</arg>
<doc>Opens a new browser instance to the optional ``url``.</doc>
<msg timestamp="20230920 15:01:14.030" level="INFO">Opening browser 'Firefox' to base url 'https://westfield--sit.sandbox.my.salesforce.com/?login'.</msg>
<msg timestamp="20230920 15:01:14.046" level="INFO">Applicable driver not found; attempting to install with Selenium Manager (Beta)</msg>
<status status="PASS" starttime="20230920 15:01:14.030" endtime="20230920 15:01:24.176"/>
</kw>
<kw name="Maximize Browser Window" library="Selenium2Library">
<doc>Maximizes current browser window.</doc>
<status status="PASS" starttime="20230920 15:01:24.176" endtime="20230920 15:01:24.466"/>
</kw>
<kw name="Sleep" library="BuiltIn">
<arg>2s</arg>
<doc>Pauses the test executed for the given time.</doc>
<msg timestamp="20230920 15:01:26.473" level="INFO">Slept 2 seconds</msg>
<status status="PASS" starttime="20230920 15:01:24.466" endtime="20230920 15:01:26.473"/>
</kw>
<kw name="Input Text" library="Selenium2Library">
<arg>${txt_loginUserName}</arg>
<arg>${username}</arg>
<doc>Types the given ``text`` into the text field identified by ``locator``.</doc>
<msg timestamp="20230920 15:01:26.473" level="INFO">Typing text 'senthilkumar.k@tavant.com.wfprod.sit' into text field 'id:username'.</msg>
<status status="PASS" starttime="20230920 15:01:26.473" endtime="20230920 15:01:26.514"/>
</kw>
<kw name="Input Text" library="Selenium2Library">
<arg>${txt_loginPassword}</arg>
<arg>${password}</arg>
<doc>Types the given ``text`` into the text field identified by ``locator``.</doc>
<msg timestamp="20230920 15:01:26.515" level="INFO">Typing text 'welcomewelcomewelcomewelcome2023' into text field 'id:password'.</msg>
<status status="PASS" starttime="20230920 15:01:26.514" endtime="20230920 15:01:26.532"/>
</kw>
<kw name="Click Button" library="Selenium2Library">
<arg>${btn_Login}</arg>
<doc>Clicks the button identified by ``locator``.</doc>
<msg timestamp="20230920 15:01:26.532" level="INFO">Clicking button 'id:Login'.</msg>
<status status="PASS" starttime="20230920 15:01:26.532" endtime="20230920 15:01:39.882"/>
</kw>
<status status="PASS" starttime="20230920 15:01:14.030" endtime="20230920 15:01:39.882"/>
</kw>
<kw name="Set Browser Implicit Wait" library="Selenium2Library">
<arg>4s</arg>
<doc>Sets the implicit wait value used by Selenium.</doc>
<status status="PASS" starttime="20230920 15:01:39.882" endtime="20230920 15:01:39.886"/>
</kw>
<kw name="Get WebElement" library="Selenium2Library">
<var>${ele}</var>
<arg>xpath=//*[contains(text(),'Leads')]/self::span[@class='slds-truncate']</arg>
<doc>Returns the first WebElement matching the given ``locator``.</doc>
<msg timestamp="20230920 15:01:40.208" level="INFO">${ele} = &lt;selenium.webdriver.remote.webelement.WebElement (session="14b11917-d529-4de2-8b08-16b6ba31a0c3", element="12f2e722-8715-4557-b783-3d4ea1f93771")&gt;</msg>
<status status="PASS" starttime="20230920 15:01:39.886" endtime="20230920 15:01:40.208"/>
</kw>
<kw name="Execute Javascript" library="Selenium2Library">
<arg>arguments[0].click();</arg>
<arg>ARGUMENTS</arg>
<arg>${ele}</arg>
<doc>Executes the given JavaScript code with possible arguments.</doc>
<msg timestamp="20230920 15:01:40.217" level="INFO">Executing JavaScript:
arguments[0].click();
By using argument:
'&lt;selenium.webdriver.remote.webelement.WebElement (session="14b11917-d529-4de2-8b08-16b6ba31a0c3", element="12f2e722-8715-4557-b783-3d4ea1f93771")&gt;'</msg>
<status status="PASS" starttime="20230920 15:01:40.208" endtime="20230920 15:01:40.238"/>
</kw>
<kw name="Set Browser Implicit Wait" library="Selenium2Library">
<arg>4s</arg>
<doc>Sets the implicit wait value used by Selenium.</doc>
<status status="PASS" starttime="20230920 15:01:40.239" endtime="20230920 15:01:40.243"/>
</kw>
<kw name="Wait Until Element Is Visible" library="Selenium2Library">
<arg>xpath=//a[@title='New']/self::a[@class='forceActionLink']</arg>
<doc>Waits until the element ``locator`` is visible.</doc>
<status status="PASS" starttime="20230920 15:01:40.243" endtime="20230920 15:01:43.530"/>
</kw>
<kw name="Get WebElement" library="Selenium2Library">
<var>${elem}</var>
<arg>xpath=//a[@title='New']/self::a[@class='forceActionLink']</arg>
<doc>Returns the first WebElement matching the given ``locator``.</doc>
<msg timestamp="20230920 15:01:43.530" level="INFO">${elem} = &lt;selenium.webdriver.remote.webelement.WebElement (session="14b11917-d529-4de2-8b08-16b6ba31a0c3", element="11ea32e2-6cca-46eb-9d81-f916de776a4d")&gt;</msg>
<status status="PASS" starttime="20230920 15:01:43.530" endtime="20230920 15:01:43.530"/>
</kw>
<kw name="Execute Javascript" library="Selenium2Library">
<arg>arguments[0].click();</arg>
<arg>ARGUMENTS</arg>
<arg>${elem}</arg>
<doc>Executes the given JavaScript code with possible arguments.</doc>
<msg timestamp="20230920 15:01:43.530" level="INFO">Executing JavaScript:
arguments[0].click();
By using argument:
'&lt;selenium.webdriver.remote.webelement.WebElement (session="14b11917-d529-4de2-8b08-16b6ba31a0c3", element="11ea32e2-6cca-46eb-9d81-f916de776a4d")&gt;'</msg>
<status status="PASS" starttime="20230920 15:01:43.530" endtime="20230920 15:01:43.543"/>
</kw>
<kw name="Set Selenium Implicit Wait" library="Selenium2Library">
<arg>6s</arg>
<doc>Sets the implicit wait value used by Selenium.</doc>
<status status="PASS" starttime="20230920 15:01:43.543" endtime="20230920 15:01:43.543"/>
</kw>
<kw name="Sleep" library="BuiltIn">
<arg>5s</arg>
<doc>Pauses the test executed for the given time.</doc>
<msg timestamp="20230920 15:01:48.552" level="INFO">Slept 5 seconds</msg>
<status status="PASS" starttime="20230920 15:01:43.543" endtime="20230920 15:01:48.552"/>
</kw>
<kw name="Switch Window" library="Selenium2Library">
<arg>title=New Lead | Salesforce</arg>
<doc>Switches to browser window matching ``locator``.</doc>
<status status="PASS" starttime="20230920 15:01:48.552" endtime="20230920 15:01:48.568"/>
</kw>
<kw name="Wait Until Element Is Visible" library="Selenium2Library">
<arg>xpath=//input[@name='lastName']</arg>
<doc>Waits until the element ``locator`` is visible.</doc>
<status status="PASS" starttime="20230920 15:01:48.568" endtime="20230920 15:01:48.647"/>
</kw>
<kw name="Initialize Random Data Last Name" library="LeadCreationKeywords">
<kw name="Generate Random String" library="String">
<var>${lastName}</var>
<arg>12</arg>
<arg>[LETTERS]</arg>
<doc>Generates a string with a desired ``length`` from the given ``chars``.</doc>
<msg timestamp="20230920 15:01:48.647" level="INFO">${lastName} = fqXUJkKmcNJK</msg>
<status status="PASS" starttime="20230920 15:01:48.647" endtime="20230920 15:01:48.647"/>
</kw>
<kw name="Set Global Variable" library="BuiltIn">
<arg>${lastName}</arg>
<doc>Makes a variable available globally in all tests and suites.</doc>
<msg timestamp="20230920 15:01:48.647" level="INFO">${lastName} = fqXUJkKmcNJK</msg>
<status status="PASS" starttime="20230920 15:01:48.647" endtime="20230920 15:01:48.647"/>
</kw>
<status status="PASS" starttime="20230920 15:01:48.647" endtime="20230920 15:01:48.647"/>
</kw>
<kw name="Enter the Last name" library="LeadCreationKeywords">
<arg>${lastName}</arg>
<kw name="Input Text" library="Selenium2Library">
<arg>${lastNameInput}</arg>
<arg>${lastName}</arg>
<doc>Types the given ``text`` into the text field identified by ``locator``.</doc>
<msg timestamp="20230920 15:01:48.647" level="INFO">Typing text 'fqXUJkKmcNJK' into text field 'xpath://input[@name='lastName']'.</msg>
<status status="PASS" starttime="20230920 15:01:48.647" endtime="20230920 15:01:48.795"/>
</kw>
<status status="PASS" starttime="20230920 15:01:48.647" endtime="20230920 15:01:48.795"/>
</kw>
<kw name="Initialize Random Data DBA Name" library="LeadCreationKeywords">
<kw name="Generate Random String" library="String">
<var>${dbaName}</var>
<arg>12</arg>
<arg>[LETTERS]</arg>
<doc>Generates a string with a desired ``length`` from the given ``chars``.</doc>
<msg timestamp="20230920 15:01:48.795" level="INFO">${dbaName} = oSLugQdsqknr</msg>
<status status="PASS" starttime="20230920 15:01:48.795" endtime="20230920 15:01:48.795"/>
</kw>
<kw name="Set Global Variable" library="BuiltIn">
<arg>${dbaName}</arg>
<doc>Makes a variable available globally in all tests and suites.</doc>
<msg timestamp="20230920 15:01:48.795" level="INFO">${dbaName} = oSLugQdsqknr</msg>
<status status="PASS" starttime="20230920 15:01:48.795" endtime="20230920 15:01:48.795"/>
</kw>
<status status="PASS" starttime="20230920 15:01:48.795" endtime="20230920 15:01:48.795"/>
</kw>
<kw name="Enter the DBA Name" library="LeadCreationKeywords">
<arg>${dbaName}</arg>
<kw name="Input Text" library="Selenium2Library">
<arg>${dbaNameInput}</arg>
<arg>${dbaName}</arg>
<doc>Types the given ``text`` into the text field identified by ``locator``.</doc>
<msg timestamp="20230920 15:01:48.795" level="INFO">Typing text 'oSLugQdsqknr' into text field 'xpath://input[@name='Company']'.</msg>
<status status="PASS" starttime="20230920 15:01:48.795" endtime="20230920 15:01:48.859"/>
</kw>
<status status="PASS" starttime="20230920 15:01:48.795" endtime="20230920 15:01:48.859"/>
</kw>
<kw name="Enter the phone number" library="LeadCreationKeywords">
<arg>${phone}</arg>
<kw name="Input Text" library="Selenium2Library">
<arg>${phoneInput}</arg>
<arg>${phone}</arg>
<doc>Types the given ``text`` into the text field identified by ``locator``.</doc>
<msg timestamp="20230920 15:01:48.859" level="INFO">Typing text '3485734577' into text field 'xpath://input[@name='Phone']'.</msg>
<status status="PASS" starttime="20230920 15:01:48.859" endtime="20230920 15:01:48.922"/>
</kw>
<status status="PASS" starttime="20230920 15:01:48.859" endtime="20230920 15:01:48.922"/>
</kw>
<kw name="Enter the mobile number" library="LeadCreationKeywords">
<arg>${mobile}</arg>
<kw name="Input Text" library="Selenium2Library">
<arg>${mobileInput}</arg>
<arg>${mobile}</arg>
<doc>Types the given ``text`` into the text field identified by ``locator``.</doc>
<msg timestamp="20230920 15:01:48.922" level="INFO">Typing text '439753754' into text field 'xpath://input[@name='MobilePhone']'.</msg>
<status status="PASS" starttime="20230920 15:01:48.922" endtime="20230920 15:01:48.969"/>
</kw>
<status status="PASS" starttime="20230920 15:01:48.922" endtime="20230920 15:01:48.969"/>
</kw>
<kw name="Enter the email" library="LeadCreationKeywords">
<arg>${email}</arg>
<kw name="Input Text" library="Selenium2Library">
<arg>${emailInput}</arg>
<arg>${email}</arg>
<doc>Types the given ``text`` into the text field identified by ``locator``.</doc>
<msg timestamp="20230920 15:01:48.969" level="INFO">Typing text 'testemail34@gmail.com' into text field 'xpath://input[@name='Email']'.</msg>
<status status="PASS" starttime="20230920 15:01:48.969" endtime="20230920 15:01:49.064"/>
</kw>
<status status="PASS" starttime="20230920 15:01:48.969" endtime="20230920 15:01:49.064"/>
</kw>
<kw name="Wait Until Element Is Visible" library="Selenium2Library">
<arg>xpath=//button[@name='Sales_Branch_Level_1_WF__c']</arg>
<doc>Waits until the element ``locator`` is visible.</doc>
<status status="PASS" starttime="20230920 15:01:49.064" endtime="20230920 15:01:49.080"/>
</kw>
<kw name="Click the Sales Branch Level1" library="LeadCreationKeywords">
<kw name="Click Button" library="Selenium2Library">
<arg>${salesBranchLevel1}</arg>
<doc>Clicks the button identified by ``locator``.</doc>
<msg timestamp="20230920 15:01:49.080" level="INFO">Clicking button 'xpath://button[@name='Sales_Branch_Level_1_WF__c']'.</msg>
<status status="PASS" starttime="20230920 15:01:49.080" endtime="20230920 15:01:49.390"/>
</kw>
<kw name="Click Element" library="Selenium2Library">
<arg>${sbL1PicklistValue}</arg>
<doc>Click the element identified by ``locator``.</doc>
<msg timestamp="20230920 15:01:49.390" level="INFO">Clicking element 'xpath://span[@class='slds-truncate']/self::span[contains(text(),'Bags &amp; Footwear &amp; Accessories')]'.</msg>
<status status="PASS" starttime="20230920 15:01:49.390" endtime="20230920 15:01:49.641"/>
</kw>
<status status="PASS" starttime="20230920 15:01:49.080" endtime="20230920 15:01:49.641"/>
</kw>
<kw name="Wait Until Element Is Visible" library="Selenium2Library">
<arg>xpath=//button[@name='Sales_Branch_Level_3_WF__c']</arg>
<doc>Waits until the element ``locator`` is visible.</doc>
<status status="PASS" starttime="20230920 15:01:49.641" endtime="20230920 15:01:49.676"/>
</kw>
<kw name="Click the Sales Branch Level3" library="LeadCreationKeywords">
<kw name="Click Button" library="Selenium2Library">
<arg>${salesBranchLevel3}</arg>
<doc>Clicks the button identified by ``locator``.</doc>
<msg timestamp="20230920 15:01:49.677" level="INFO">Clicking button 'xpath://button[@name='Sales_Branch_Level_3_WF__c']'.</msg>
<status status="PASS" starttime="20230920 15:01:49.676" endtime="20230920 15:01:49.926"/>
</kw>
<kw name="Click Element" library="Selenium2Library">
<arg>${sbL3PicklistValue}</arg>
<doc>Click the element identified by ``locator``.</doc>
<msg timestamp="20230920 15:01:49.928" level="INFO">Clicking element 'xpath://span[@class='slds-truncate']/self::span[contains(text(),'Children footwear')]'.</msg>
<status status="PASS" starttime="20230920 15:01:49.928" endtime="20230920 15:01:50.259"/>
</kw>
<status status="PASS" starttime="20230920 15:01:49.676" endtime="20230920 15:01:50.259"/>
</kw>
<kw name="Wait Until Element Is Visible" library="Selenium2Library">
<arg>xpath=//input[@name='country']</arg>
<doc>Waits until the element ``locator`` is visible.</doc>
<status status="PASS" starttime="20230920 15:01:50.259" endtime="20230920 15:01:50.274"/>
</kw>
<kw name="Click on the Country Code" library="LeadCreationKeywords">
<kw name="Click Element" library="Selenium2Library">
<arg>${countryCode}</arg>
<doc>Click the element identified by ``locator``.</doc>
<msg timestamp="20230920 15:01:50.274" level="INFO">Clicking element 'xpath://input[@name='country']'.</msg>
<status status="PASS" starttime="20230920 15:01:50.274" endtime="20230920 15:01:50.597"/>
</kw>
<kw name="Sleep" library="BuiltIn">
<arg>3s</arg>
<doc>Pauses the test executed for the given time.</doc>
<msg timestamp="20230920 15:01:53.608" level="INFO">Slept 3 seconds</msg>
<status status="PASS" starttime="20230920 15:01:50.597" endtime="20230920 15:01:53.609"/>
</kw>
<kw name="Click Element" library="Selenium2Library">
<arg>${countryCodePicklist}</arg>
<doc>Click the element identified by ``locator``.</doc>
<msg timestamp="20230920 15:01:53.609" level="INFO">Clicking element 'xpath://span[@class='slds-truncate']/self::span[contains(text(),'Afghanistan')]'.</msg>
<status status="PASS" starttime="20230920 15:01:53.609" endtime="20230920 15:01:53.865"/>
</kw>
<status status="PASS" starttime="20230920 15:01:50.274" endtime="20230920 15:01:53.865"/>
</kw>
<kw name="Click on the Save button" library="LeadCreationKeywords">
<kw name="Click Button" library="Selenium2Library">
<arg>${saveButton}</arg>
<doc>Clicks the button identified by ``locator``.</doc>
<msg timestamp="20230920 15:01:53.865" level="INFO">Clicking button 'xpath://button[contains(text(),'Save')]/self::button[@class='slds-button slds-button_brand']'.</msg>
<status status="PASS" starttime="20230920 15:01:53.865" endtime="20230920 15:01:54.156"/>
</kw>
<status status="PASS" starttime="20230920 15:01:53.865" endtime="20230920 15:01:54.156"/>
</kw>
<kw name="Sleep" library="BuiltIn">
<arg>10s</arg>
<doc>Pauses the test executed for the given time.</doc>
<msg timestamp="20230920 15:02:04.166" level="INFO">Slept 10 seconds</msg>
<status status="PASS" starttime="20230920 15:01:54.156" endtime="20230920 15:02:04.166"/>
</kw>
<kw name="Click on the DC Convert button" library="LeadCreationKeywords">
<kw name="Click Button" library="Selenium2Library">
<arg>${dcConvertButton}</arg>
<doc>Clicks the button identified by ``locator``.</doc>
<msg timestamp="20230920 15:02:04.166" level="INFO">Clicking button 'xpath://button[@class='slds-button slds-button_neutral']/self::button[contains(text(),'DC Convert')]'.</msg>
<status status="PASS" starttime="20230920 15:02:04.166" endtime="20230920 15:02:04.483"/>
</kw>
<kw name="Sleep" library="BuiltIn">
<arg>12s</arg>
<doc>Pauses the test executed for the given time.</doc>
<msg timestamp="20230920 15:02:16.488" level="INFO">Slept 12 seconds</msg>
<status status="PASS" starttime="20230920 15:02:04.483" endtime="20230920 15:02:16.488"/>
</kw>
<status status="PASS" starttime="20230920 15:02:04.166" endtime="20230920 15:02:16.488"/>
</kw>
<kw name="Switch Window" library="Selenium2Library">
<arg>title=Convert - Duplicate Check for Salesforce | Salesforce</arg>
<doc>Switches to browser window matching ``locator``.</doc>
<status status="PASS" starttime="20230920 15:02:16.488" endtime="20230920 15:02:16.504"/>
</kw>
<kw name="Select Frame" library="Selenium2Library">
<arg>xpath=//iframe[@title='accessibility title']</arg>
<doc>Sets frame identified by ``locator`` as the current frame.</doc>
<msg timestamp="20230920 15:02:16.504" level="INFO">Selecting frame 'xpath=//iframe[@title='accessibility title']'.</msg>
<status status="PASS" starttime="20230920 15:02:16.504" endtime="20230920 15:02:16.520"/>
</kw>
<kw name="Sleep" library="BuiltIn">
<arg>10s</arg>
<doc>Pauses the test executed for the given time.</doc>
<msg timestamp="20230920 15:02:26.529" level="INFO">Slept 10 seconds</msg>
<status status="PASS" starttime="20230920 15:02:16.520" endtime="20230920 15:02:26.529"/>
</kw>
<kw name="Click on the Convert button" library="LeadCreationKeywords">
<kw name="Click Button" library="Selenium2Library">
<arg>${convertButton}</arg>
<doc>Clicks the button identified by ``locator``.</doc>
<msg timestamp="20230920 15:02:26.529" level="INFO">Clicking button 'xpath://button[@class='slds-button slds-button_brand']/self::button[@title='Convert']'.</msg>
<status status="PASS" starttime="20230920 15:02:26.529" endtime="20230920 15:02:26.797"/>
</kw>
<status status="PASS" starttime="20230920 15:02:26.529" endtime="20230920 15:02:26.797"/>
</kw>
<status status="PASS" starttime="20230920 15:01:14.030" endtime="20230920 15:02:26.797"/>
</test>
<status status="PASS" starttime="20230920 15:01:13.785" endtime="20230920 15:02:26.797"/>
</suite>
<statistics>
<total>
<stat pass="1" fail="0" skip="0">All Tests</stat>
</total>
<tag>
</tag>
<suite>
<stat pass="1" fail="0" skip="0" id="s1" name="CreateAccountandContact">CreateAccountandContact</stat>
</suite>
</statistics>
<errors>
</errors>
</robot>
