<?xml version="1.0" encoding="UTF-8"?>
<robot generator="Robot 6.1 (Python 3.10.10 on win32)" generated="20231110 14:16:21.365" rpa="false" schemaversion="4">
<suite id="s1" name="CreateAccountandContact" source="C:\Users\senthilkumar.k\PycharmProjects\URW_RobotFramework\Test\CreateAccountandContact.robot">
<test id="s1-t1" name="Create_New_Account_and_Contact_from_Lead" line="9">
<kw name="Log into the Salesforce Application" library="LoginKeywords">
<arg>${SiteURL}</arg>
<arg>${Browser}</arg>
<arg>${username}</arg>
<arg>${password}</arg>
<kw name="Open Browser" library="Selenium2Library">
<arg>${SiteURL}</arg>
<arg>${Browser}</arg>
<doc>Opens a new browser instance to the optional ``url``.</doc>
<msg timestamp="20231110 14:16:21.586" level="INFO">Opening browser 'Chrome' to base url 'https://westfield--sit.sandbox.my.salesforce.com/?login'.</msg>
<status status="PASS" starttime="20231110 14:16:21.571" endtime="20231110 14:16:25.560"/>
</kw>
<kw name="Maximize Browser Window" library="Selenium2Library">
<doc>Maximizes current browser window.</doc>
<status status="PASS" starttime="20231110 14:16:25.560" endtime="20231110 14:16:25.681"/>
</kw>
<kw name="Sleep" library="BuiltIn">
<arg>2s</arg>
<doc>Pauses the test executed for the given time.</doc>
<msg timestamp="20231110 14:16:27.690" level="INFO">Slept 2 seconds</msg>
<status status="PASS" starttime="20231110 14:16:25.681" endtime="20231110 14:16:27.690"/>
</kw>
<kw name="Input Text" library="Selenium2Library">
<arg>${txt_loginUserName}</arg>
<arg>${username}</arg>
<doc>Types the given ``text`` into the text field identified by ``locator``.</doc>
<msg timestamp="20231110 14:16:27.693" level="INFO">Typing text 'senthilkumar.k@tavant.com.wfprod.sit' into text field 'id:username'.</msg>
<status status="PASS" starttime="20231110 14:16:27.691" endtime="20231110 14:16:27.884"/>
</kw>
<kw name="Input Text" library="Selenium2Library">
<arg>${txt_loginPassword}</arg>
<arg>${password}</arg>
<doc>Types the given ``text`` into the text field identified by ``locator``.</doc>
<msg timestamp="20231110 14:16:27.885" level="INFO">Typing text 'welcomewelcomewelcomewelcome2023' into text field 'id:password'.</msg>
<status status="PASS" starttime="20231110 14:16:27.885" endtime="20231110 14:16:27.955"/>
</kw>
<kw name="Click Button" library="Selenium2Library">
<arg>${btn_Login}</arg>
<doc>Clicks the button identified by ``locator``.</doc>
<msg timestamp="20231110 14:16:27.956" level="INFO">Clicking button 'id:Login'.</msg>
<status status="PASS" starttime="20231110 14:16:27.955" endtime="20231110 14:16:40.990"/>
</kw>
<status status="PASS" starttime="20231110 14:16:21.571" endtime="20231110 14:16:40.990"/>
</kw>
<kw name="Set Browser Implicit Wait" library="Selenium2Library">
<arg>4s</arg>
<doc>Sets the implicit wait value used by Selenium.</doc>
<status status="PASS" starttime="20231110 14:16:40.991" endtime="20231110 14:16:40.992"/>
</kw>
<kw name="Get WebElement" library="Selenium2Library">
<var>${ele}</var>
<arg>xpath=//*[contains(text(),'Leads')]/self::span[@class='slds-truncate']</arg>
<doc>Returns the first WebElement matching the given ``locator``.</doc>
<msg timestamp="20231110 14:16:41.008" level="INFO">${ele} = &lt;selenium.webdriver.remote.webelement.WebElement (session="915d238cb2d70964aa8c053b416d3dca", element="5CE8193C892F382BA2A94562906A9A0D_element_124")&gt;</msg>
<status status="PASS" starttime="20231110 14:16:40.992" endtime="20231110 14:16:41.008"/>
</kw>
<kw name="Execute Javascript" library="Selenium2Library">
<arg>arguments[0].click();</arg>
<arg>ARGUMENTS</arg>
<arg>${ele}</arg>
<doc>Executes the given JavaScript code with possible arguments.</doc>
<msg timestamp="20231110 14:16:41.009" level="INFO">Executing JavaScript:
arguments[0].click();
By using argument:
'&lt;selenium.webdriver.remote.webelement.WebElement (session="915d238cb2d70964aa8c053b416d3dca", element="5CE8193C892F382BA2A94562906A9A0D_element_124")&gt;'</msg>
<status status="PASS" starttime="20231110 14:16:41.008" endtime="20231110 14:16:41.035"/>
</kw>
<kw name="Set Browser Implicit Wait" library="Selenium2Library">
<arg>4s</arg>
<doc>Sets the implicit wait value used by Selenium.</doc>
<status status="PASS" starttime="20231110 14:16:41.035" endtime="20231110 14:16:41.037"/>
</kw>
<kw name="Wait Until Element Is Visible" library="Selenium2Library">
<arg>xpath=//a[@title='New']/self::a[@class='forceActionLink']</arg>
<doc>Waits until the element ``locator`` is visible.</doc>
<status status="PASS" starttime="20231110 14:16:41.037" endtime="20231110 14:16:45.502"/>
</kw>
<kw name="Get WebElement" library="Selenium2Library">
<var>${elem}</var>
<arg>xpath=//a[@title='New']/self::a[@class='forceActionLink']</arg>
<doc>Returns the first WebElement matching the given ``locator``.</doc>
<msg timestamp="20231110 14:16:45.514" level="INFO">${elem} = &lt;selenium.webdriver.remote.webelement.WebElement (session="915d238cb2d70964aa8c053b416d3dca", element="5CE8193C892F382BA2A94562906A9A0D_element_152")&gt;</msg>
<status status="PASS" starttime="20231110 14:16:45.502" endtime="20231110 14:16:45.515"/>
</kw>
<kw name="Execute Javascript" library="Selenium2Library">
<arg>arguments[0].click();</arg>
<arg>ARGUMENTS</arg>
<arg>${elem}</arg>
<doc>Executes the given JavaScript code with possible arguments.</doc>
<msg timestamp="20231110 14:16:45.516" level="INFO">Executing JavaScript:
arguments[0].click();
By using argument:
'&lt;selenium.webdriver.remote.webelement.WebElement (session="915d238cb2d70964aa8c053b416d3dca", element="5CE8193C892F382BA2A94562906A9A0D_element_152")&gt;'</msg>
<status status="PASS" starttime="20231110 14:16:45.515" endtime="20231110 14:16:45.530"/>
</kw>
<kw name="Set Selenium Implicit Wait" library="Selenium2Library">
<arg>6s</arg>
<doc>Sets the implicit wait value used by Selenium.</doc>
<status status="PASS" starttime="20231110 14:16:45.531" endtime="20231110 14:16:45.532"/>
</kw>
<kw name="Sleep" library="BuiltIn">
<arg>5s</arg>
<doc>Pauses the test executed for the given time.</doc>
<msg timestamp="20231110 14:16:50.535" level="INFO">Slept 5 seconds</msg>
<status status="PASS" starttime="20231110 14:16:45.533" endtime="20231110 14:16:50.535"/>
</kw>
<kw name="Switch Window" library="Selenium2Library">
<arg>title=New Lead | Salesforce</arg>
<doc>Switches to browser window matching ``locator``.</doc>
<status status="PASS" starttime="20231110 14:16:50.535" endtime="20231110 14:16:50.576"/>
</kw>
<kw name="Wait Until Element Is Visible" library="Selenium2Library">
<arg>xpath=//input[@name='lastName']</arg>
<doc>Waits until the element ``locator`` is visible.</doc>
<status status="PASS" starttime="20231110 14:16:50.576" endtime="20231110 14:16:50.603"/>
</kw>
<kw name="Initialize Random Data Last Name" library="LeadCreationKeywords">
<kw name="Generate Random String" library="String">
<var>${lastName}</var>
<arg>12</arg>
<arg>[LETTERS]</arg>
<doc>Generates a string with a desired ``length`` from the given ``chars``.</doc>
<msg timestamp="20231110 14:16:50.604" level="INFO">${lastName} = XKlGFgHgTHDT</msg>
<status status="PASS" starttime="20231110 14:16:50.604" endtime="20231110 14:16:50.604"/>
</kw>
<kw name="Set Global Variable" library="BuiltIn">
<arg>${lastName}</arg>
<doc>Makes a variable available globally in all tests and suites.</doc>
<msg timestamp="20231110 14:16:50.606" level="INFO">${lastName} = XKlGFgHgTHDT</msg>
<status status="PASS" starttime="20231110 14:16:50.605" endtime="20231110 14:16:50.606"/>
</kw>
<status status="PASS" starttime="20231110 14:16:50.604" endtime="20231110 14:16:50.606"/>
</kw>
<kw name="Enter the Last name" library="LeadCreationKeywords">
<arg>${lastName}</arg>
<kw name="Input Text" library="Selenium2Library">
<arg>${lastNameInput}</arg>
<arg>${lastName}</arg>
<doc>Types the given ``text`` into the text field identified by ``locator``.</doc>
<msg timestamp="20231110 14:16:50.608" level="INFO">Typing text 'XKlGFgHgTHDT' into text field 'xpath://input[@name='lastName']'.</msg>
<status status="PASS" starttime="20231110 14:16:50.607" endtime="20231110 14:16:50.866"/>
</kw>
<status status="PASS" starttime="20231110 14:16:50.606" endtime="20231110 14:16:50.866"/>
</kw>
<kw name="Initialize Random Data DBA Name" library="LeadCreationKeywords">
<kw name="Generate Random String" library="String">
<var>${dbaName}</var>
<arg>12</arg>
<arg>[LETTERS]</arg>
<doc>Generates a string with a desired ``length`` from the given ``chars``.</doc>
<msg timestamp="20231110 14:16:50.866" level="INFO">${dbaName} = HCpWpGWONkah</msg>
<status status="PASS" starttime="20231110 14:16:50.866" endtime="20231110 14:16:50.866"/>
</kw>
<kw name="Set Global Variable" library="BuiltIn">
<arg>${dbaName}</arg>
<doc>Makes a variable available globally in all tests and suites.</doc>
<msg timestamp="20231110 14:16:50.866" level="INFO">${dbaName} = HCpWpGWONkah</msg>
<status status="PASS" starttime="20231110 14:16:50.866" endtime="20231110 14:16:50.866"/>
</kw>
<status status="PASS" starttime="20231110 14:16:50.866" endtime="20231110 14:16:50.866"/>
</kw>
<kw name="Enter the DBA Name" library="LeadCreationKeywords">
<arg>${dbaName}</arg>
<kw name="Input Text" library="Selenium2Library">
<arg>${dbaNameInput}</arg>
<arg>${dbaName}</arg>
<doc>Types the given ``text`` into the text field identified by ``locator``.</doc>
<msg timestamp="20231110 14:16:50.866" level="INFO">Typing text 'HCpWpGWONkah' into text field 'xpath://input[@name='Company']'.</msg>
<status status="PASS" starttime="20231110 14:16:50.866" endtime="20231110 14:16:51.061"/>
</kw>
<status status="PASS" starttime="20231110 14:16:50.866" endtime="20231110 14:16:51.061"/>
</kw>
<kw name="Enter the phone number" library="LeadCreationKeywords">
<arg>${phone}</arg>
<kw name="Input Text" library="Selenium2Library">
<arg>${phoneInput}</arg>
<arg>${phone}</arg>
<doc>Types the given ``text`` into the text field identified by ``locator``.</doc>
<msg timestamp="20231110 14:16:51.061" level="INFO">Typing text '3485734577' into text field 'xpath://input[@name='Phone']'.</msg>
<status status="PASS" starttime="20231110 14:16:51.061" endtime="20231110 14:16:51.243"/>
</kw>
<status status="PASS" starttime="20231110 14:16:51.061" endtime="20231110 14:16:51.243"/>
</kw>
<kw name="Enter the mobile number" library="LeadCreationKeywords">
<arg>${mobile}</arg>
<kw name="Input Text" library="Selenium2Library">
<arg>${mobileInput}</arg>
<arg>${mobile}</arg>
<doc>Types the given ``text`` into the text field identified by ``locator``.</doc>
<msg timestamp="20231110 14:16:51.245" level="INFO">Typing text '439753754' into text field 'xpath://input[@name='MobilePhone']'.</msg>
<status status="PASS" starttime="20231110 14:16:51.245" endtime="20231110 14:16:51.401"/>
</kw>
<status status="PASS" starttime="20231110 14:16:51.244" endtime="20231110 14:16:51.401"/>
</kw>
<kw name="Enter the email" library="LeadCreationKeywords">
<arg>${email}</arg>
<kw name="Input Text" library="Selenium2Library">
<arg>${emailInput}</arg>
<arg>${email}</arg>
<doc>Types the given ``text`` into the text field identified by ``locator``.</doc>
<msg timestamp="20231110 14:16:51.401" level="INFO">Typing text 'testemail34@gmail.com' into text field 'xpath://input[@name='Email']'.</msg>
<status status="PASS" starttime="20231110 14:16:51.401" endtime="20231110 14:16:51.761"/>
</kw>
<status status="PASS" starttime="20231110 14:16:51.401" endtime="20231110 14:16:51.761"/>
</kw>
<kw name="Scroll Element Into View" library="Selenium2Library">
<arg>xpath=//button[@name='Sales_Branch_Level_1_WF__c']</arg>
<doc>Scrolls the element identified by ``locator`` into view.</doc>
<status status="PASS" starttime="20231110 14:16:51.761" endtime="20231110 14:16:52.075"/>
</kw>
<kw name="Wait Until Element Is Visible" library="Selenium2Library">
<arg>xpath=//button[@name='Sales_Branch_Level_1_WF__c']</arg>
<doc>Waits until the element ``locator`` is visible.</doc>
<status status="PASS" starttime="20231110 14:16:52.075" endtime="20231110 14:16:52.107"/>
</kw>
<kw name="Click the Sales Branch Level1" library="LeadCreationKeywords">
<kw name="Click Button" library="Selenium2Library">
<arg>${salesBranchLevel1}</arg>
<doc>Clicks the button identified by ``locator``.</doc>
<msg timestamp="20231110 14:16:52.107" level="INFO">Clicking button 'xpath://button[@name='Sales_Branch_Level_1_WF__c']'.</msg>
<status status="PASS" starttime="20231110 14:16:52.107" endtime="20231110 14:16:52.220"/>
</kw>
<kw name="Click Element" library="Selenium2Library">
<arg>${sbL1PicklistValue}</arg>
<doc>Click the element identified by ``locator``.</doc>
<msg timestamp="20231110 14:16:52.222" level="INFO">Clicking element 'xpath://span[@class='slds-truncate']/self::span[contains(text(),'Bags &amp; Footwear &amp; Accessories')]'.</msg>
<status status="PASS" starttime="20231110 14:16:52.221" endtime="20231110 14:16:52.293"/>
</kw>
<status status="PASS" starttime="20231110 14:16:52.107" endtime="20231110 14:16:52.293"/>
</kw>
<kw name="Scroll Element Into View" library="Selenium2Library">
<arg>xpath=//button[@name='Sales_Branch_Level_3_WF__c']</arg>
<doc>Scrolls the element identified by ``locator`` into view.</doc>
<status status="PASS" starttime="20231110 14:16:52.293" endtime="20231110 14:16:52.604"/>
</kw>
<kw name="Wait Until Element Is Visible" library="Selenium2Library">
<arg>xpath=//button[@name='Sales_Branch_Level_3_WF__c']</arg>
<doc>Waits until the element ``locator`` is visible.</doc>
<status status="PASS" starttime="20231110 14:16:52.604" endtime="20231110 14:16:52.635"/>
</kw>
<kw name="Click the Sales Branch Level3" library="LeadCreationKeywords">
<kw name="Click Button" library="Selenium2Library">
<arg>${salesBranchLevel3}</arg>
<doc>Clicks the button identified by ``locator``.</doc>
<msg timestamp="20231110 14:16:52.635" level="INFO">Clicking button 'xpath://button[@name='Sales_Branch_Level_3_WF__c']'.</msg>
<status status="PASS" starttime="20231110 14:16:52.635" endtime="20231110 14:16:52.745"/>
</kw>
<kw name="Click Element" library="Selenium2Library">
<arg>${sbL3PicklistValue}</arg>
<doc>Click the element identified by ``locator``.</doc>
<msg timestamp="20231110 14:16:52.745" level="INFO">Clicking element 'xpath://span[@class='slds-truncate']/self::span[contains(text(),'Children footwear')]'.</msg>
<status status="PASS" starttime="20231110 14:16:52.745" endtime="20231110 14:16:52.834"/>
</kw>
<status status="PASS" starttime="20231110 14:16:52.635" endtime="20231110 14:16:52.834"/>
</kw>
<kw name="Scroll Element Into View" library="Selenium2Library">
<arg>xpath=//input[@name='country']</arg>
<doc>Scrolls the element identified by ``locator`` into view.</doc>
<status status="PASS" starttime="20231110 14:16:52.834" endtime="20231110 14:16:53.132"/>
</kw>
<kw name="Sleep" library="BuiltIn">
<arg>5s</arg>
<doc>Pauses the test executed for the given time.</doc>
<msg timestamp="20231110 14:16:58.137" level="INFO">Slept 5 seconds</msg>
<status status="PASS" starttime="20231110 14:16:53.134" endtime="20231110 14:16:58.137"/>
</kw>
<kw name="Wait Until Element Is Visible" library="Selenium2Library">
<arg>xpath=//input[@name='country']</arg>
<doc>Waits until the element ``locator`` is visible.</doc>
<status status="PASS" starttime="20231110 14:16:58.137" endtime="20231110 14:16:58.168"/>
</kw>
<kw name="Click on the Country Code" library="LeadCreationKeywords">
<kw name="Click Element" library="Selenium2Library">
<arg>${countryCode}</arg>
<doc>Click the element identified by ``locator``.</doc>
<msg timestamp="20231110 14:16:58.168" level="INFO">Clicking element 'xpath://input[@name='country']'.</msg>
<status status="PASS" starttime="20231110 14:16:58.168" endtime="20231110 14:16:58.342"/>
</kw>
<kw name="Sleep" library="BuiltIn">
<arg>5s</arg>
<doc>Pauses the test executed for the given time.</doc>
<msg timestamp="20231110 14:17:03.344" level="INFO">Slept 5 seconds</msg>
<status status="PASS" starttime="20231110 14:16:58.342" endtime="20231110 14:17:03.344"/>
</kw>
<kw name="Click Element" library="Selenium2Library">
<arg>${countryCodePicklist}</arg>
<doc>Click the element identified by ``locator``.</doc>
<msg timestamp="20231110 14:17:03.344" level="INFO">Clicking element 'xpath://span[@class='slds-truncate']/self::span[contains(text(),'Afghanistan')]'.</msg>
<status status="PASS" starttime="20231110 14:17:03.344" endtime="20231110 14:17:03.424"/>
</kw>
<status status="PASS" starttime="20231110 14:16:58.168" endtime="20231110 14:17:03.425"/>
</kw>
<kw name="Enter the City" library="LeadCreationKeywords">
<arg>${city}</arg>
<kw name="Input Text" library="Selenium2Library">
<arg>${cityInput}</arg>
<arg>${city}</arg>
<doc>Types the given ``text`` into the text field identified by ``locator``.</doc>
<msg timestamp="20231110 14:17:03.427" level="INFO">Typing text 'Hosur' into text field 'xpath://input[@name='city']'.</msg>
<status status="PASS" starttime="20231110 14:17:03.426" endtime="20231110 14:17:03.544"/>
</kw>
<status status="PASS" starttime="20231110 14:17:03.425" endtime="20231110 14:17:03.544"/>
</kw>
<kw name="Enter the PostalCode" library="LeadCreationKeywords">
<arg>${postal}</arg>
<kw name="Input Text" library="Selenium2Library">
<arg>${postalCodeInput}</arg>
<arg>${postal}</arg>
<doc>Types the given ``text`` into the text field identified by ``locator``.</doc>
<msg timestamp="20231110 14:17:03.544" level="INFO">Typing text '634332' into text field 'xpath://input[@name='postalCode']'.</msg>
<status status="PASS" starttime="20231110 14:17:03.544" endtime="20231110 14:17:03.696"/>
</kw>
<status status="PASS" starttime="20231110 14:17:03.544" endtime="20231110 14:17:03.696"/>
</kw>
<kw name="Sleep" library="BuiltIn">
<arg>5s</arg>
<doc>Pauses the test executed for the given time.</doc>
<msg timestamp="20231110 14:17:08.698" level="INFO">Slept 5 seconds</msg>
<status status="PASS" starttime="20231110 14:17:03.696" endtime="20231110 14:17:08.698"/>
</kw>
<kw name="Get WebElement" library="Selenium2Library">
<var>${element}</var>
<arg>xpath=//button[contains(text(),'Save')]/self::button[@class='slds-button slds-button_brand']</arg>
<doc>Returns the first WebElement matching the given ``locator``.</doc>
<msg timestamp="20231110 14:17:08.714" level="INFO">${element} = &lt;selenium.webdriver.remote.webelement.WebElement (session="915d238cb2d70964aa8c053b416d3dca", element="5CE8193C892F382BA2A94562906A9A0D_element_177")&gt;</msg>
<status status="PASS" starttime="20231110 14:17:08.698" endtime="20231110 14:17:08.714"/>
</kw>
<kw name="Execute Javascript" library="Selenium2Library">
<arg>arguments[0].click();</arg>
<arg>ARGUMENTS</arg>
<arg>${element}</arg>
<doc>Executes the given JavaScript code with possible arguments.</doc>
<msg timestamp="20231110 14:17:08.730" level="INFO">Executing JavaScript:
arguments[0].click();
By using argument:
'&lt;selenium.webdriver.remote.webelement.WebElement (session="915d238cb2d70964aa8c053b416d3dca", element="5CE8193C892F382BA2A94562906A9A0D_element_177")&gt;'</msg>
<status status="PASS" starttime="20231110 14:17:08.714" endtime="20231110 14:17:08.760"/>
</kw>
<kw name="Sleep" library="BuiltIn">
<arg>5s</arg>
<doc>Pauses the test executed for the given time.</doc>
<msg timestamp="20231110 14:17:13.767" level="INFO">Slept 5 seconds</msg>
<status status="PASS" starttime="20231110 14:17:08.760" endtime="20231110 14:17:13.767"/>
</kw>
<kw name="Click on the DC Convert button" library="LeadCreationKeywords">
<kw name="Click Button" library="Selenium2Library">
<arg>${dcConvertButton}</arg>
<doc>Clicks the button identified by ``locator``.</doc>
<msg timestamp="20231110 14:17:13.769" level="INFO">Clicking button 'xpath://button[@class='slds-button slds-button_neutral']/self::button[contains(text(),'DC Convert')]'.</msg>
<status status="PASS" starttime="20231110 14:17:13.768" endtime="20231110 14:17:18.471"/>
</kw>
<kw name="Sleep" library="BuiltIn">
<arg>6s</arg>
<doc>Pauses the test executed for the given time.</doc>
<msg timestamp="20231110 14:17:24.474" level="INFO">Slept 6 seconds</msg>
<status status="PASS" starttime="20231110 14:17:18.471" endtime="20231110 14:17:24.475"/>
</kw>
<status status="PASS" starttime="20231110 14:17:13.767" endtime="20231110 14:17:24.476"/>
</kw>
<kw name="Switch Window" library="Selenium2Library">
<arg>title=Convert - Duplicate Check for Salesforce | Salesforce</arg>
<doc>Switches to browser window matching ``locator``.</doc>
<status status="PASS" starttime="20231110 14:17:24.476" endtime="20231110 14:17:24.520"/>
</kw>
<kw name="Select Frame" library="Selenium2Library">
<arg>xpath=//iframe[@title='accessibility title']</arg>
<doc>Sets frame identified by ``locator`` as the current frame.</doc>
<msg timestamp="20231110 14:17:24.521" level="INFO">Selecting frame 'xpath=//iframe[@title='accessibility title']'.</msg>
<status status="PASS" starttime="20231110 14:17:24.521" endtime="20231110 14:17:24.573"/>
</kw>
<kw name="Sleep" library="BuiltIn">
<arg>5s</arg>
<doc>Pauses the test executed for the given time.</doc>
<msg timestamp="20231110 14:17:29.586" level="INFO">Slept 5 seconds</msg>
<status status="PASS" starttime="20231110 14:17:24.573" endtime="20231110 14:17:29.586"/>
</kw>
<kw name="Click on the Convert button" library="LeadCreationKeywords">
<kw name="Click Button" library="Selenium2Library">
<arg>${convertButton}</arg>
<doc>Clicks the button identified by ``locator``.</doc>
<msg timestamp="20231110 14:17:29.586" level="INFO">Clicking button 'xpath://button[@class='slds-button slds-button_brand']/self::button[@title='Convert']'.</msg>
<status status="PASS" starttime="20231110 14:17:29.586" endtime="20231110 14:17:29.767"/>
</kw>
<status status="PASS" starttime="20231110 14:17:29.586" endtime="20231110 14:17:29.768"/>
</kw>
<status status="PASS" starttime="20231110 14:16:21.571" endtime="20231110 14:17:29.768"/>
</test>
<status status="PASS" starttime="20231110 14:16:21.366" endtime="20231110 14:17:29.769"/>
</suite>
<statistics>
<total>
<stat pass="1" fail="0" skip="0">All Tests</stat>
</total>
<tag>
</tag>
<suite>
<stat pass="1" fail="0" skip="0" id="s1" name="CreateAccountandContact">CreateAccountandContact</stat>
</suite>
</statistics>
<errors>
</errors>
</robot>
