<?xml version="1.0" encoding="UTF-8"?>
<robot generator="Robot 6.1 (Python 3.10.10 on win32)" generated="20240110 13:56:14.764" rpa="false" schemaversion="4">
<suite id="s1" name="Test" source="C:\Users\senthilkumar.k\PycharmProjects\URW_RobotFramework\Test">
<suite id="s1-s1" name="NewOpportunityCreation" source="C:\Users\senthilkumar.k\PycharmProjects\URW_RobotFramework\Test\NewOpportunityCreation.robot">
<test id="s1-s1-t1" name="Create_a_New_Agreement_type" line="9">
<kw name="Log into the Salesforce Application" library="LoginKeywords">
<arg>${SiteURL}</arg>
<arg>${Browser}</arg>
<arg>${username}</arg>
<arg>${password}</arg>
<kw name="Open Browser" library="Selenium2Library">
<arg>${SiteURL}</arg>
<arg>${Browser}</arg>
<doc>Opens a new browser instance to the optional ``url``.</doc>
<msg timestamp="20240110 13:56:14.997" level="INFO">Opening browser 'Chrome' to base url 'https://westfield--sit.sandbox.my.salesforce.com/?login'.</msg>
<status status="PASS" starttime="20240110 13:56:14.997" endtime="20240110 13:56:19.732"/>
</kw>
<kw name="Maximize Browser Window" library="Selenium2Library">
<doc>Maximizes current browser window.</doc>
<status status="PASS" starttime="20240110 13:56:19.732" endtime="20240110 13:56:19.858"/>
</kw>
<kw name="Sleep" library="BuiltIn">
<arg>2s</arg>
<doc>Pauses the test executed for the given time.</doc>
<msg timestamp="20240110 13:56:21.861" level="INFO">Slept 2 seconds</msg>
<status status="PASS" starttime="20240110 13:56:19.858" endtime="20240110 13:56:21.863"/>
</kw>
<kw name="Input Text" library="Selenium2Library">
<arg>${txt_loginUserName}</arg>
<arg>${username}</arg>
<doc>Types the given ``text`` into the text field identified by ``locator``.</doc>
<msg timestamp="20240110 13:56:21.865" level="INFO">Typing text 'senthilkumar.k@tavant.com.wfprod.sit' into text field 'id:username'.</msg>
<status status="PASS" starttime="20240110 13:56:21.864" endtime="20240110 13:56:22.100"/>
</kw>
<kw name="Input Text" library="Selenium2Library">
<arg>${txt_loginPassword}</arg>
<arg>${password}</arg>
<doc>Types the given ``text`` into the text field identified by ``locator``.</doc>
<msg timestamp="20240110 13:56:22.100" level="INFO">Typing text 'welcomewelcomewelcomewelcome2024' into text field 'id:password'.</msg>
<status status="PASS" starttime="20240110 13:56:22.100" endtime="20240110 13:56:22.253"/>
</kw>
<kw name="Click Button" library="Selenium2Library">
<arg>${btn_Login}</arg>
<doc>Clicks the button identified by ``locator``.</doc>
<msg timestamp="20240110 13:56:22.256" level="INFO">Clicking button 'id:Login'.</msg>
<status status="PASS" starttime="20240110 13:56:22.253" endtime="20240110 13:56:37.202"/>
</kw>
<status status="PASS" starttime="20240110 13:56:14.997" endtime="20240110 13:56:37.202"/>
</kw>
<kw name="Set Browser Implicit Wait" library="Selenium2Library">
<arg>5s</arg>
<doc>Sets the implicit wait value used by Selenium.</doc>
<status status="PASS" starttime="20240110 13:56:37.202" endtime="20240110 13:56:37.202"/>
</kw>
<kw name="Sleep" library="BuiltIn">
<arg>5s</arg>
<doc>Pauses the test executed for the given time.</doc>
<msg timestamp="20240110 13:56:42.232" level="INFO">Slept 5 seconds</msg>
<status status="PASS" starttime="20240110 13:56:37.202" endtime="20240110 13:56:42.232"/>
</kw>
<kw name="Click on the Account Navigation Link" library="NewOpportunityCreationKeywords">
<kw name="Get WebElement" library="Selenium2Library">
<var>${AccountLink}</var>
<arg>xpath=//span[contains(text(),'Accounts')]/self::span[@class='slds-truncate']</arg>
<doc>Returns the first WebElement matching the given ``locator``.</doc>
<msg timestamp="20240110 13:56:42.632" level="INFO">${AccountLink} = &lt;selenium.webdriver.remote.webelement.WebElement (session="e044327defe837cf7423278f3f5a74e8", element="F2DD36637F84B43DBB2DDA3D03372106_element_1")&gt;</msg>
<status status="PASS" starttime="20240110 13:56:42.232" endtime="20240110 13:56:42.632"/>
</kw>
<kw name="Execute Javascript" library="Selenium2Library">
<arg>arguments[0].click();</arg>
<arg>ARGUMENTS</arg>
<arg>${AccountLink}</arg>
<doc>Executes the given JavaScript code with possible arguments.</doc>
<msg timestamp="20240110 13:56:42.642" level="INFO">Executing JavaScript:
arguments[0].click();
By using argument:
'&lt;selenium.webdriver.remote.webelement.WebElement (session="e044327defe837cf7423278f3f5a74e8", element="F2DD36637F84B43DBB2DDA3D03372106_element_1")&gt;'</msg>
<status status="PASS" starttime="20240110 13:56:42.632" endtime="20240110 13:56:42.695"/>
</kw>
<status status="PASS" starttime="20240110 13:56:42.232" endtime="20240110 13:56:42.695"/>
</kw>
<kw name="Click on the Drop down Icon" library="NewOpportunityCreationKeywords">
<kw name="Wait Until Element Is Visible" library="Selenium2Library">
<arg>${accountListViewDropDownIcon}</arg>
<arg>20s</arg>
<doc>Waits until the element ``locator`` is visible.</doc>
<status status="PASS" starttime="20240110 13:56:42.695" endtime="20240110 13:56:44.345"/>
</kw>
<kw name="Click Element" library="Selenium2Library">
<arg>${accountListViewDropDownIcon}</arg>
<doc>Click the element identified by ``locator``.</doc>
<msg timestamp="20240110 13:56:44.345" level="INFO">Clicking element 'xpath://span[@part='boundary']/ancestor::button[@title='Select a List View: Accounts']'.</msg>
<status status="PASS" starttime="20240110 13:56:44.345" endtime="20240110 13:56:44.609"/>
</kw>
<status status="PASS" starttime="20240110 13:56:42.695" endtime="20240110 13:56:44.609"/>
</kw>
<kw name="Click on the All Account drop down option" library="NewOpportunityCreationKeywords">
<kw name="Wait Until Element Is Visible" library="Selenium2Library">
<arg>${allAccountListOption}</arg>
<arg>20s</arg>
<doc>Waits until the element ``locator`` is visible.</doc>
<msg timestamp="20240110 13:57:05.554" level="INFO" html="true">&lt;/td&gt;&lt;/tr&gt;&lt;tr&gt;&lt;td colspan="3"&gt;&lt;a href="selenium-screenshot-1.png"&gt;&lt;img src="selenium-screenshot-1.png" width="800px"&gt;&lt;/a&gt;</msg>
<msg timestamp="20240110 13:57:05.554" level="FAIL">Element 'xpath://span[contains(text(),'All Accounts')]/self::span[@class=' virtualAutocompleteOptionText']' not visible after 20 seconds.</msg>
<status status="FAIL" starttime="20240110 13:56:44.609" endtime="20240110 13:57:05.554"/>
</kw>
<kw name="Click Element" library="Selenium2Library">
<arg>${allAccountListOption}</arg>
<doc>Click the element identified by ``locator``.</doc>
<status status="NOT RUN" starttime="20240110 13:57:05.554" endtime="20240110 13:57:05.554"/>
</kw>
<status status="FAIL" starttime="20240110 13:56:44.609" endtime="20240110 13:57:05.554"/>
</kw>
<kw name="Select the account to create a new agreement deal" library="NewOpportunityCreationKeywords">
<status status="NOT RUN" starttime="20240110 13:57:05.554" endtime="20240110 13:57:05.554"/>
</kw>
<kw name="Click on the Related Tab" library="NewOpportunityCreationKeywords">
<status status="NOT RUN" starttime="20240110 13:57:05.554" endtime="20240110 13:57:05.554"/>
</kw>
<kw name="Click on the New Opportunity type button" library="NewOpportunityCreationKeywords">
<status status="NOT RUN" starttime="20240110 13:57:05.554" endtime="20240110 13:57:05.554"/>
</kw>
<kw name="Click on the Next button" library="NewOpportunityCreationKeywords">
<status status="NOT RUN" starttime="20240110 13:57:05.554" endtime="20240110 13:57:05.554"/>
</kw>
<kw name="Fill the New deal fields at the offer stage" library="NewOpportunityCreationKeywords">
<arg>${centerName}</arg>
<status status="NOT RUN" starttime="20240110 13:57:05.560" endtime="20240110 13:57:05.560"/>
</kw>
<kw name="Edit the Opportunity at the Proposal stage" library="NewOpportunityCreationKeywords">
<status status="NOT RUN" starttime="20240110 13:57:05.560" endtime="20240110 13:57:05.560"/>
</kw>
<status status="FAIL" starttime="20240110 13:56:14.997" endtime="20240110 13:57:05.560">Element 'xpath://span[contains(text(),'All Accounts')]/self::span[@class=' virtualAutocompleteOptionText']' not visible after 20 seconds.</status>
</test>
<status status="FAIL" starttime="20240110 13:56:14.792" endtime="20240110 13:57:05.561"/>
</suite>
<status status="FAIL" starttime="20240110 13:56:14.783" endtime="20240110 13:57:05.561"/>
</suite>
<statistics>
<total>
<stat pass="0" fail="1" skip="0">All Tests</stat>
</total>
<tag>
</tag>
<suite>
<stat pass="0" fail="1" skip="0" id="s1" name="Test">Test</stat>
<stat pass="0" fail="1" skip="0" id="s1-s1" name="NewOpportunityCreation">Test.NewOpportunityCreation</stat>
</suite>
</statistics>
<errors>
</errors>
</robot>
